[0]	validation-rmse:86974.79835
[1]	validation-rmse:86348.11817
[2]	validation-rmse:85700.23837
[3]	validation-rmse:85099.39142
[4]	validation-rmse:84472.83179
[5]	validation-rmse:83876.14868
[6]	validation-rmse:83245.14629
[7]	validation-rmse:82638.21205
[8]	validation-rmse:82065.22546
[9]	validation-rmse:81512.37226
[10]	validation-rmse:80941.81319
[11]	validation-rmse:80377.81065
[12]	validation-rmse:79794.11963
[13]	validation-rmse:79247.18624
[14]	validation-rmse:78680.74442
[15]	validation-rmse:78096.71788
[16]	validation-rmse:77491.19119
[17]	validation-rmse:76936.94875
[18]	validation-rmse:76458.21429
[19]	validation-rmse:75895.95645
[20]	validation-rmse:75330.50618
[21]	validation-rmse:74827.99075
[22]	validation-rmse:74309.53100
[23]	validation-rmse:73776.49758
[24]	validation-rmse:73284.66366
[25]	validation-rmse:72779.15738
[26]	validation-rmse:72304.32950
[27]	validation-rmse:71820.47090
[28]	validation-rmse:71370.27501
[29]	validation-rmse:70909.28365
[30]	validation-rmse:70432.56972
[31]	validation-rmse:69994.34374
[32]	validation-rmse:69497.20491
[33]	validation-rmse:69050.51508
[34]	validation-rmse:68591.06344
[35]	validation-rmse:68126.41585
[36]	validation-rmse:67682.05046
[37]	validation-rmse:67302.50838
[38]	validation-rmse:66868.59868
[39]	validation-rmse:66430.57885
[40]	validation-rmse:66043.72042
[41]	validation-rmse:65587.94153
[42]	validation-rmse:65201.91131
[43]	validation-rmse:64768.00592
[44]	validation-rmse:64368.96874
[45]	validation-rmse:63953.98424
[46]	validation-rmse:63578.31080
[47]	validation-rmse:63148.95272
[48]	validation-rmse:62752.58219
[49]	validation-rmse:62371.47146
[50]	validation-rmse:61977.85662
[51]	validation-rmse:61608.24070
[52]	validation-rmse:61228.30128
[53]	validation-rmse:60906.87499
[54]	validation-rmse:60505.20793
[55]	validation-rmse:60160.02398
[56]	validation-rmse:59794.25107
[57]	validation-rmse:59490.07194
[58]	validation-rmse:59138.00114
[59]	validation-rmse:58787.83697
[60]	validation-rmse:58435.75247
[61]	validation-rmse:58073.07061
[62]	validation-rmse:57735.25575
[63]	validation-rmse:57357.73726
[64]	validation-rmse:57035.42105
[65]	validation-rmse:56728.86960
[66]	validation-rmse:56353.07349
[67]	validation-rmse:56012.96375
[68]	validation-rmse:55691.45733
[69]	validation-rmse:55374.70392
[70]	validation-rmse:55055.58654
[71]	validation-rmse:54725.12816
[72]	validation-rmse:54447.37568
[73]	validation-rmse:54125.23736
[74]	validation-rmse:53813.82764
[75]	validation-rmse:53493.79639
[76]	validation-rmse:53196.94880
[77]	validation-rmse:52930.86559
[78]	validation-rmse:52655.57986
[79]	validation-rmse:52340.22333
[80]	validation-rmse:52050.49842
[81]	validation-rmse:51763.27009
[82]	validation-rmse:51502.14232
[83]	validation-rmse:51222.11819
[84]	validation-rmse:50972.39104
[85]	validation-rmse:50712.83904
[86]	validation-rmse:50433.80841
[87]	validation-rmse:50193.12290
[88]	validation-rmse:49924.68576
[89]	validation-rmse:49671.06117
[90]	validation-rmse:49421.75523
[91]	validation-rmse:49155.86630
[92]	validation-rmse:48944.28362
[93]	validation-rmse:48717.81636
[94]	validation-rmse:48471.98194
[95]	validation-rmse:48218.66083
[96]	validation-rmse:47962.71161
[97]	validation-rmse:47734.02158
[98]	validation-rmse:47502.49346
[99]	validation-rmse:47269.54107
[100]	validation-rmse:47023.10736
[101]	validation-rmse:46798.71351
[102]	validation-rmse:46590.31325
[103]	validation-rmse:46362.99271
[104]	validation-rmse:46144.10496
[105]	validation-rmse:45938.69933
[106]	validation-rmse:45713.52112
[107]	validation-rmse:45497.79140
[108]	validation-rmse:45261.42927
[109]	validation-rmse:45099.51242
[110]	validation-rmse:44878.81559
[111]	validation-rmse:44666.80166
[112]	validation-rmse:44467.36139
[113]	validation-rmse:44297.88623
[114]	validation-rmse:44100.39379
[115]	validation-rmse:43896.21639
[116]	validation-rmse:43713.55531
[117]	validation-rmse:43497.98549
[118]	validation-rmse:43318.91809
[119]	validation-rmse:43098.35873
[120]	validation-rmse:42903.21969
[121]	validation-rmse:42733.34697
[122]	validation-rmse:42535.05055
[123]	validation-rmse:42351.22368
[124]	validation-rmse:42177.67992
[125]	validation-rmse:42024.88749
[126]	validation-rmse:41854.61302
[127]	validation-rmse:41697.30825
[128]	validation-rmse:41526.38321
[129]	validation-rmse:41350.74396
[130]	validation-rmse:41174.04036
[131]	validation-rmse:40991.47262
[132]	validation-rmse:40821.58005
[133]	validation-rmse:40654.24672
[134]	validation-rmse:40462.39093
[135]	validation-rmse:40305.07832
[136]	validation-rmse:40140.58278
[137]	validation-rmse:39966.66935
[138]	validation-rmse:39849.84319
[139]	validation-rmse:39685.42624
[140]	validation-rmse:39524.23230
[141]	validation-rmse:39351.09445
[142]	validation-rmse:39201.42416
[143]	validation-rmse:39056.26090
[144]	validation-rmse:38950.44328
[145]	validation-rmse:38800.48516
[146]	validation-rmse:38636.80261
[147]	validation-rmse:38504.87297
[148]	validation-rmse:38359.96922
[149]	validation-rmse:38252.10738
[150]	validation-rmse:38106.73672
[151]	validation-rmse:37965.04746
[152]	validation-rmse:37837.11182
[153]	validation-rmse:37701.66521
[154]	validation-rmse:37577.89645
[155]	validation-rmse:37449.23411
[156]	validation-rmse:37310.35315
[157]	validation-rmse:37199.92841
[158]	validation-rmse:37069.16960
[159]	validation-rmse:36925.89521
[160]	validation-rmse:36820.97712
[161]	validation-rmse:36695.54452
[162]	validation-rmse:36547.16466
[163]	validation-rmse:36431.59763
[164]	validation-rmse:36336.43400
[165]	validation-rmse:36225.91299
[166]	validation-rmse:36110.37884
[167]	validation-rmse:36010.57284
[168]	validation-rmse:35901.82461
[169]	validation-rmse:35765.95019
[170]	validation-rmse:35626.63815
[171]	validation-rmse:35514.18287
[172]	validation-rmse:35418.76191
[173]	validation-rmse:35289.80442
[174]	validation-rmse:35183.31320
[175]	validation-rmse:35076.87629
[176]	validation-rmse:34983.22556
[177]	validation-rmse:34877.46196
[178]	validation-rmse:34774.84641
[179]	validation-rmse:34650.83346
[180]	validation-rmse:34553.48400
[181]	validation-rmse:34470.28546
[182]	validation-rmse:34376.99473
[183]	validation-rmse:34273.80892
[184]	validation-rmse:34178.07601
[185]	validation-rmse:34090.18825
[186]	validation-rmse:33994.81270
[187]	validation-rmse:33930.74438
[188]	validation-rmse:33840.48396
[189]	validation-rmse:33728.64731
[190]	validation-rmse:33638.26790
[191]	validation-rmse:33546.19933
[192]	validation-rmse:33438.90954
[193]	validation-rmse:33355.31220
[194]	validation-rmse:33285.04264
[195]	validation-rmse:33212.97299
[196]	validation-rmse:33129.08615
[197]	validation-rmse:33056.97692
[198]	validation-rmse:32968.46660
[199]	validation-rmse:32889.23078
[200]	validation-rmse:32817.23330
[201]	validation-rmse:32716.28502
[202]	validation-rmse:32643.36615
[203]	validation-rmse:32560.42261
[204]	validation-rmse:32478.63768
[205]	validation-rmse:32389.16392
[206]	validation-rmse:32303.21928
[207]	validation-rmse:32220.97820
[208]	validation-rmse:32145.52881
[209]	validation-rmse:32065.23440
[210]	validation-rmse:31992.20192
[211]	validation-rmse:31915.66919
[212]	validation-rmse:31828.79043
[213]	validation-rmse:31746.70322
[214]	validation-rmse:31679.67796
[215]	validation-rmse:31626.55602
[216]	validation-rmse:31553.97139
[217]	validation-rmse:31481.27914
[218]	validation-rmse:31426.95178
[219]	validation-rmse:31353.84221
[220]	validation-rmse:31287.33263
[221]	validation-rmse:31226.52609
[222]	validation-rmse:31161.25293
[223]	validation-rmse:31101.73332
[224]	validation-rmse:31066.30769
[225]	validation-rmse:30989.49169
[226]	validation-rmse:30942.11556
[227]	validation-rmse:30872.06175
[228]	validation-rmse:30825.63894
[229]	validation-rmse:30795.23278
[230]	validation-rmse:30735.69103
[231]	validation-rmse:30674.06322
[232]	validation-rmse:30619.56478
[233]	validation-rmse:30581.85848
[234]	validation-rmse:30520.81357
[235]	validation-rmse:30470.70883
[236]	validation-rmse:30417.88826
[237]	validation-rmse:30353.34274
[238]	validation-rmse:30281.08250
[239]	validation-rmse:30239.80105
[240]	validation-rmse:30182.17962
[241]	validation-rmse:30119.02065
[242]	validation-rmse:30059.63067
[243]	validation-rmse:30015.25776
[244]	validation-rmse:29980.75808
[245]	validation-rmse:29923.11473
[246]	validation-rmse:29865.89816
[247]	validation-rmse:29833.25042
[248]	validation-rmse:29778.16804
[249]	validation-rmse:29741.82123
[250]	validation-rmse:29694.46371
[251]	validation-rmse:29657.83452
[252]	validation-rmse:29598.69441
[253]	validation-rmse:29538.50560
[254]	validation-rmse:29505.29894
[255]	validation-rmse:29466.56329
[256]	validation-rmse:29406.31304
[257]	validation-rmse:29372.81173
[258]	validation-rmse:29312.57881
[259]	validation-rmse:29262.45135
[260]	validation-rmse:29197.01424
[261]	validation-rmse:29143.10766
[262]	validation-rmse:29111.81832
[263]	validation-rmse:29071.99830
[264]	validation-rmse:29040.96499
[265]	validation-rmse:28986.25782
[266]	validation-rmse:28947.60512
[267]	validation-rmse:28904.44448
[268]	validation-rmse:28853.53579
[269]	validation-rmse:28816.10914
[270]	validation-rmse:28778.30798
[271]	validation-rmse:28730.28634
[272]	validation-rmse:28705.02070
[273]	validation-rmse:28669.42737
[274]	validation-rmse:28633.09040
[275]	validation-rmse:28587.14563
[276]	validation-rmse:28575.48305
[277]	validation-rmse:28532.46083
[278]	validation-rmse:28500.20065
[279]	validation-rmse:28456.09172
[280]	validation-rmse:28414.88662
[281]	validation-rmse:28382.60580
[282]	validation-rmse:28362.60382
[283]	validation-rmse:28331.92500
[284]	validation-rmse:28315.16961
[285]	validation-rmse:28268.35215
[286]	validation-rmse:28235.64473
[287]	validation-rmse:28200.05814
[288]	validation-rmse:28173.39519
[289]	validation-rmse:28146.19206
[290]	validation-rmse:28112.94436
[291]	validation-rmse:28083.68969
[292]	validation-rmse:28049.29702
[293]	validation-rmse:28012.91801
[294]	validation-rmse:27976.75134
[295]	validation-rmse:27944.31313
[296]	validation-rmse:27923.77584
[297]	validation-rmse:27893.83877
[298]	validation-rmse:27880.39992
[299]	validation-rmse:27856.31588
[300]	validation-rmse:27820.98850
[301]	validation-rmse:27781.72780
[302]	validation-rmse:27754.66259
[303]	validation-rmse:27712.01887
[304]	validation-rmse:27688.73968
[305]	validation-rmse:27672.28863
[306]	validation-rmse:27643.68233
[307]	validation-rmse:27622.35780
[308]	validation-rmse:27600.80810
[309]	validation-rmse:27575.14036
[310]	validation-rmse:27548.23809
[311]	validation-rmse:27527.55891
[312]	validation-rmse:27507.66970
[313]	validation-rmse:27482.42660
[314]	validation-rmse:27467.38820
[315]	validation-rmse:27444.80886
[316]	validation-rmse:27417.09725
[317]	validation-rmse:27387.83171
[318]	validation-rmse:27354.61756
[319]	validation-rmse:27336.59987
[320]	validation-rmse:27316.02268
[321]	validation-rmse:27302.65277
[322]	validation-rmse:27269.69355
[323]	validation-rmse:27251.13062
[324]	validation-rmse:27217.68779
[325]	validation-rmse:27194.95733
[326]	validation-rmse:27160.84314
[327]	validation-rmse:27142.47106
[328]	validation-rmse:27118.93551
[329]	validation-rmse:27099.86145
[330]	validation-rmse:27063.83386
[331]	validation-rmse:27030.31279
[332]	validation-rmse:27004.47577
[333]	validation-rmse:26974.39968
[334]	validation-rmse:26952.78081
[335]	validation-rmse:26937.38767
[336]	validation-rmse:26912.41327
[337]	validation-rmse:26892.41038
[338]	validation-rmse:26872.64094
[339]	validation-rmse:26847.00010
[340]	validation-rmse:26829.44434
[341]	validation-rmse:26814.88227
[342]	validation-rmse:26801.71396
[343]	validation-rmse:26783.48478
[344]	validation-rmse:26768.44173
[345]	validation-rmse:26752.71969
[346]	validation-rmse:26720.37903
[347]	validation-rmse:26693.64476
[348]	validation-rmse:26676.65513
[349]	validation-rmse:26659.49072
[350]	validation-rmse:26640.02453
[351]	validation-rmse:26633.49260
[352]	validation-rmse:26610.76785
[353]	validation-rmse:26603.48319
[354]	validation-rmse:26582.24479
[355]	validation-rmse:26560.19722
[356]	validation-rmse:26548.70784
[357]	validation-rmse:26542.59867
[358]	validation-rmse:26536.60074
[359]	validation-rmse:26519.49512
[360]	validation-rmse:26505.23220
[361]	validation-rmse:26502.81224
[362]	validation-rmse:26492.53350
[363]	validation-rmse:26480.42522
[364]	validation-rmse:26469.87343
[365]	validation-rmse:26459.91864
[366]	validation-rmse:26450.76737
[367]	validation-rmse:26439.96381
[368]	validation-rmse:26427.94281
[369]	validation-rmse:26416.20811
[370]	validation-rmse:26410.70990
[371]	validation-rmse:26399.24991
[372]	validation-rmse:26383.31370
[373]	validation-rmse:26361.06356
[374]	validation-rmse:26348.42661
[375]	validation-rmse:26339.56223
[376]	validation-rmse:26327.74805
[377]	validation-rmse:26311.49376
[378]	validation-rmse:26297.71515
[379]	validation-rmse:26285.06045
[380]	validation-rmse:26258.08388
[381]	validation-rmse:26240.48860
[382]	validation-rmse:26230.32258
[383]	validation-rmse:26216.48825
[384]	validation-rmse:26197.08029
[385]	validation-rmse:26180.71656
[386]	validation-rmse:26156.32582
[387]	validation-rmse:26148.88874
[388]	validation-rmse:26140.46025
[389]	validation-rmse:26133.24429
[390]	validation-rmse:26117.38690
[391]	validation-rmse:26096.25107
[392]	validation-rmse:26090.69397
[393]	validation-rmse:26075.29568
[394]	validation-rmse:26069.56939
[395]	validation-rmse:26058.12099
[396]	validation-rmse:26045.22069
[397]	validation-rmse:26032.66220
[398]	validation-rmse:26026.85994
[399]	validation-rmse:26015.13328
[400]	validation-rmse:26004.19389
[401]	validation-rmse:25993.09108
[402]	validation-rmse:25984.62747
[403]	validation-rmse:25980.03527
[404]	validation-rmse:25962.39951
[405]	validation-rmse:25957.04987
[406]	validation-rmse:25963.27707
[407]	validation-rmse:25956.85550
[408]	validation-rmse:25946.89889
[409]	validation-rmse:25943.39870
[410]	validation-rmse:25931.08151
[411]	validation-rmse:25914.72238
[412]	validation-rmse:25911.62355
[413]	validation-rmse:25904.91076
[414]	validation-rmse:25886.62579
[415]	validation-rmse:25877.93398
[416]	validation-rmse:25865.70865
[417]	validation-rmse:25852.89476
[418]	validation-rmse:25852.35568
[419]	validation-rmse:25844.73132
[420]	validation-rmse:25829.80677
[421]	validation-rmse:25824.06876
[422]	validation-rmse:25813.26816
[423]	validation-rmse:25804.68494
[424]	validation-rmse:25798.50186
[425]	validation-rmse:25783.19286
[426]	validation-rmse:25777.48212
[427]	validation-rmse:25774.57586
[428]	validation-rmse:25766.47936
[429]	validation-rmse:25748.12352
[430]	validation-rmse:25741.00277
[431]	validation-rmse:25733.78687
[432]	validation-rmse:25717.26833
[433]	validation-rmse:25711.01968
[434]	validation-rmse:25704.68059
[435]	validation-rmse:25697.91895
[436]	validation-rmse:25697.51095
[437]	validation-rmse:25691.48506
[438]	validation-rmse:25674.55062
[439]	validation-rmse:25664.65104
[440]	validation-rmse:25662.30568
[441]	validation-rmse:25658.59924
[442]	validation-rmse:25654.19537
[443]	validation-rmse:25652.27214
[444]	validation-rmse:25647.44627
[445]	validation-rmse:25633.14803
[446]	validation-rmse:25629.88327
[447]	validation-rmse:25622.32636
[448]	validation-rmse:25605.21609
[449]	validation-rmse:25593.03796
[450]	validation-rmse:25581.53055
[451]	validation-rmse:25571.27830
[452]	validation-rmse:25565.79923
[453]	validation-rmse:25563.00718
[454]	validation-rmse:25559.84965
[455]	validation-rmse:25553.93847
[456]	validation-rmse:25547.94091
[457]	validation-rmse:25542.81188
[458]	validation-rmse:25536.40645
[459]	validation-rmse:25535.10532
[460]	validation-rmse:25526.77001
[461]	validation-rmse:25520.37675
[462]	validation-rmse:25515.25792
[463]	validation-rmse:25509.43427
[464]	validation-rmse:25502.70639
[465]	validation-rmse:25498.86303
[466]	validation-rmse:25495.39808
[467]	validation-rmse:25487.67423
[468]	validation-rmse:25480.41070
[469]	validation-rmse:25481.34648
[470]	validation-rmse:25466.09657
[471]	validation-rmse:25460.31275
[472]	validation-rmse:25457.66135
[473]	validation-rmse:25454.68886
[474]	validation-rmse:25446.89048
[475]	validation-rmse:25441.72631
[476]	validation-rmse:25434.45758
[477]	validation-rmse:25433.11721
[478]	validation-rmse:25422.04198
[479]	validation-rmse:25415.73656
[480]	validation-rmse:25412.47757
[481]	validation-rmse:25406.56096
[482]	validation-rmse:25402.52704
[483]	validation-rmse:25399.89818
[484]	validation-rmse:25391.04762
[485]	validation-rmse:25390.96779
[486]	validation-rmse:25388.70317
[487]	validation-rmse:25386.00835
[488]	validation-rmse:25377.48137
[489]	validation-rmse:25374.32133
[490]	validation-rmse:25372.32392
[491]	validation-rmse:25369.47151
[492]	validation-rmse:25370.44165
[493]	validation-rmse:25370.08195
[494]	validation-rmse:25364.37013
[495]	validation-rmse:25357.06069
[496]	validation-rmse:25355.82729
[497]	validation-rmse:25355.50073
[498]	validation-rmse:25346.24553
[499]	validation-rmse:25345.58343
Final Validation R²: 0.9162
Final Validation MAE: 15731.3457
[0]	validation-rmse:86963.57976
[1]	validation-rmse:86295.09323
[2]	validation-rmse:85678.29606
[3]	validation-rmse:85074.53703
[4]	validation-rmse:84395.50153
[5]	validation-rmse:83762.73276
[6]	validation-rmse:83191.02445
[7]	validation-rmse:82579.55924
[8]	validation-rmse:81960.81291
[9]	validation-rmse:81371.94469
[10]	validation-rmse:80739.48593
[11]	validation-rmse:80125.44296
[12]	validation-rmse:79568.98745
[13]	validation-rmse:78987.26655
[14]	validation-rmse:78373.95572
[15]	validation-rmse:77773.76294
[16]	validation-rmse:77198.32809
[17]	validation-rmse:76649.25466
[18]	validation-rmse:76081.43925
[19]	validation-rmse:75555.88676
[20]	validation-rmse:75024.07065
[21]	validation-rmse:74480.48969
[22]	validation-rmse:73980.02042
[23]	validation-rmse:73485.56854
[24]	validation-rmse:73004.07109
[25]	validation-rmse:72501.77700
[26]	validation-rmse:72007.77626
[27]	validation-rmse:71508.90769
[28]	validation-rmse:71033.45276
[29]	validation-rmse:70545.98122
[30]	validation-rmse:70049.40664
[31]	validation-rmse:69596.68501
[32]	validation-rmse:69112.67202
[33]	validation-rmse:68612.96988
[34]	validation-rmse:68161.55186
[35]	validation-rmse:67690.56162
[36]	validation-rmse:67216.74707
[37]	validation-rmse:66794.86607
[38]	validation-rmse:66344.57685
[39]	validation-rmse:65930.09769
[40]	validation-rmse:65533.98127
[41]	validation-rmse:65164.79226
[42]	validation-rmse:64718.56635
[43]	validation-rmse:64302.59122
[44]	validation-rmse:63858.85407
[45]	validation-rmse:63474.56780
[46]	validation-rmse:63054.91611
[47]	validation-rmse:62678.85931
[48]	validation-rmse:62257.55517
[49]	validation-rmse:61862.55856
[50]	validation-rmse:61512.60585
[51]	validation-rmse:61137.44847
[52]	validation-rmse:60759.28599
[53]	validation-rmse:60373.11229
[54]	validation-rmse:60006.65359
[55]	validation-rmse:59615.43462
[56]	validation-rmse:59242.98325
[57]	validation-rmse:58888.82961
[58]	validation-rmse:58529.53787
[59]	validation-rmse:58192.05578
[60]	validation-rmse:57848.68272
[61]	validation-rmse:57502.19569
[62]	validation-rmse:57142.66293
[63]	validation-rmse:56806.02084
[64]	validation-rmse:56461.01924
[65]	validation-rmse:56126.87619
[66]	validation-rmse:55781.07141
[67]	validation-rmse:55428.44600
[68]	validation-rmse:55088.62426
[69]	validation-rmse:54778.25928
[70]	validation-rmse:54444.54750
[71]	validation-rmse:54114.68318
[72]	validation-rmse:53802.88090
[73]	validation-rmse:53476.21078
[74]	validation-rmse:53161.96128
[75]	validation-rmse:52879.07437
[76]	validation-rmse:52556.73951
[77]	validation-rmse:52232.81293
[78]	validation-rmse:51935.87316
[79]	validation-rmse:51653.19746
[80]	validation-rmse:51388.55364
[81]	validation-rmse:51093.85616
[82]	validation-rmse:50822.30131
[83]	validation-rmse:50535.81308
[84]	validation-rmse:50246.12072
[85]	validation-rmse:50002.45709
[86]	validation-rmse:49762.58522
[87]	validation-rmse:49544.54051
[88]	validation-rmse:49280.90468
[89]	validation-rmse:49005.71808
[90]	validation-rmse:48719.92535
[91]	validation-rmse:48455.02946
[92]	validation-rmse:48206.19777
[93]	validation-rmse:47974.49822
[94]	validation-rmse:47723.09318
[95]	validation-rmse:47499.00428
[96]	validation-rmse:47301.50443
[97]	validation-rmse:47085.88115
[98]	validation-rmse:46839.36931
[99]	validation-rmse:46603.53022
[100]	validation-rmse:46361.36434
[101]	validation-rmse:46169.99758
[102]	validation-rmse:45949.98089
[103]	validation-rmse:45743.33322
[104]	validation-rmse:45526.29730
[105]	validation-rmse:45295.69454
[106]	validation-rmse:45088.87291
[107]	validation-rmse:44868.21614
[108]	validation-rmse:44676.09095
[109]	validation-rmse:44496.99695
[110]	validation-rmse:44284.82317
[111]	validation-rmse:44063.88999
[112]	validation-rmse:43846.85754
[113]	validation-rmse:43656.09058
[114]	validation-rmse:43461.43626
[115]	validation-rmse:43251.13925
[116]	validation-rmse:43053.04989
[117]	validation-rmse:42859.39178
[118]	validation-rmse:42653.38916
[119]	validation-rmse:42463.85238
[120]	validation-rmse:42260.21251
[121]	validation-rmse:42076.57992
[122]	validation-rmse:41885.39503
[123]	validation-rmse:41699.24367
[124]	validation-rmse:41495.38197
[125]	validation-rmse:41318.03044
[126]	validation-rmse:41146.81246
[127]	validation-rmse:40979.56236
[128]	validation-rmse:40818.93381
[129]	validation-rmse:40655.07886
[130]	validation-rmse:40477.46816
[131]	validation-rmse:40315.62871
[132]	validation-rmse:40151.06706
[133]	validation-rmse:39995.90369
[134]	validation-rmse:39841.73470
[135]	validation-rmse:39679.06524
[136]	validation-rmse:39518.47728
[137]	validation-rmse:39355.96947
[138]	validation-rmse:39213.82436
[139]	validation-rmse:39063.48776
[140]	validation-rmse:38889.44659
[141]	validation-rmse:38747.71837
[142]	validation-rmse:38586.94861
[143]	validation-rmse:38467.97529
[144]	validation-rmse:38302.04675
[145]	validation-rmse:38160.72847
[146]	validation-rmse:38021.85124
[147]	validation-rmse:37920.47892
[148]	validation-rmse:37790.95450
[149]	validation-rmse:37667.50454
[150]	validation-rmse:37412.76174
[151]	validation-rmse:37272.85854
[152]	validation-rmse:37174.15491
[153]	validation-rmse:37054.03208
[154]	validation-rmse:36930.60325
[155]	validation-rmse:36809.82129
[156]	validation-rmse:36683.28588
[157]	validation-rmse:36568.53956
[158]	validation-rmse:36451.37070
[159]	validation-rmse:36368.50173
[160]	validation-rmse:36256.10129
[161]	validation-rmse:36136.19828
[162]	validation-rmse:36036.69103
[163]	validation-rmse:35912.20129
[164]	validation-rmse:35789.38970
[165]	validation-rmse:35680.36607
[166]	validation-rmse:35583.18358
[167]	validation-rmse:35464.82230
[168]	validation-rmse:35346.11776
[169]	validation-rmse:35214.20831
[170]	validation-rmse:35124.81763
[171]	validation-rmse:35008.28109
[172]	validation-rmse:34893.25989
[173]	validation-rmse:34776.28421
[174]	validation-rmse:34661.70841
[175]	validation-rmse:34543.06339
[176]	validation-rmse:34437.49140
[177]	validation-rmse:34319.51656
[178]	validation-rmse:34224.68769
[179]	validation-rmse:34122.15567
[180]	validation-rmse:34005.14305
[181]	validation-rmse:33900.85484
[182]	validation-rmse:33792.31207
[183]	validation-rmse:33702.39206
[184]	validation-rmse:33618.40426
[185]	validation-rmse:33533.56746
[186]	validation-rmse:33462.61398
[187]	validation-rmse:33368.93079
[188]	validation-rmse:33262.26114
[189]	validation-rmse:33159.79125
[190]	validation-rmse:33073.09808
[191]	validation-rmse:32989.98440
[192]	validation-rmse:32904.98433
[193]	validation-rmse:32850.76877
[194]	validation-rmse:32779.53891
[195]	validation-rmse:32686.38897
[196]	validation-rmse:32621.98023
[197]	validation-rmse:32528.65196
[198]	validation-rmse:32430.63794
[199]	validation-rmse:32368.25002
[200]	validation-rmse:32289.51448
[201]	validation-rmse:32218.47903
[202]	validation-rmse:32134.47789
[203]	validation-rmse:32082.92122
[204]	validation-rmse:32013.65402
[205]	validation-rmse:31938.55423
[206]	validation-rmse:31850.36415
[207]	validation-rmse:31768.86942
[208]	validation-rmse:31699.06069
[209]	validation-rmse:31619.40197
[210]	validation-rmse:31556.89432
[211]	validation-rmse:31487.70033
[212]	validation-rmse:31407.19036
[213]	validation-rmse:31330.11378
[214]	validation-rmse:31255.86815
[215]	validation-rmse:31118.94004
[216]	validation-rmse:31072.12611
[217]	validation-rmse:31018.90660
[218]	validation-rmse:30947.77298
[219]	validation-rmse:30888.62028
[220]	validation-rmse:30826.95076
[221]	validation-rmse:30750.73959
[222]	validation-rmse:30690.44960
[223]	validation-rmse:30647.90280
[224]	validation-rmse:30602.07372
[225]	validation-rmse:30538.84777
[226]	validation-rmse:30482.13148
[227]	validation-rmse:30403.42018
[228]	validation-rmse:30335.26094
[229]	validation-rmse:30277.23860
[230]	validation-rmse:30219.01327
[231]	validation-rmse:30177.39966
[232]	validation-rmse:30129.67682
[233]	validation-rmse:30087.16988
[234]	validation-rmse:30033.97014
[235]	validation-rmse:29969.60945
[236]	validation-rmse:29886.18973
[237]	validation-rmse:29826.14392
[238]	validation-rmse:29772.00971
[239]	validation-rmse:29721.99464
[240]	validation-rmse:29680.53462
[241]	validation-rmse:29619.98680
[242]	validation-rmse:29534.64254
[243]	validation-rmse:29482.72210
[244]	validation-rmse:29446.36547
[245]	validation-rmse:29408.80154
[246]	validation-rmse:29331.93292
[247]	validation-rmse:29285.29720
[248]	validation-rmse:29248.03781
[249]	validation-rmse:29197.80263
[250]	validation-rmse:29160.73586
[251]	validation-rmse:29121.77431
[252]	validation-rmse:29064.63942
[253]	validation-rmse:29013.22329
[254]	validation-rmse:28979.92076
[255]	validation-rmse:28933.78426
[256]	validation-rmse:28885.36721
[257]	validation-rmse:28857.39053
[258]	validation-rmse:28831.45168
[259]	validation-rmse:28790.29410
[260]	validation-rmse:28757.98069
[261]	validation-rmse:28729.17410
[262]	validation-rmse:28681.59612
[263]	validation-rmse:28652.13046
[264]	validation-rmse:28636.19878
[265]	validation-rmse:28575.73536
[266]	validation-rmse:28534.83823
[267]	validation-rmse:28501.57156
[268]	validation-rmse:28488.95962
[269]	validation-rmse:28461.04868
[270]	validation-rmse:28426.71854
[271]	validation-rmse:28377.91753
[272]	validation-rmse:28344.54480
[273]	validation-rmse:28299.02434
[274]	validation-rmse:28280.87768
[275]	validation-rmse:28243.97480
[276]	validation-rmse:28218.18848
[277]	validation-rmse:28193.37666
[278]	validation-rmse:28147.00466
[279]	validation-rmse:28112.07538
[280]	validation-rmse:28078.76163
[281]	validation-rmse:28052.33813
[282]	validation-rmse:28024.41451
[283]	validation-rmse:27991.97778
[284]	validation-rmse:27970.13328
[285]	validation-rmse:27928.59563
[286]	validation-rmse:27894.39139
[287]	validation-rmse:27866.27866
[288]	validation-rmse:27838.59984
[289]	validation-rmse:27811.47462
[290]	validation-rmse:27725.60133
[291]	validation-rmse:27686.25166
[292]	validation-rmse:27659.73762
[293]	validation-rmse:27621.59939
[294]	validation-rmse:27589.93008
[295]	validation-rmse:27566.09594
[296]	validation-rmse:27539.42270
[297]	validation-rmse:27515.62545
[298]	validation-rmse:27498.69662
[299]	validation-rmse:27479.19261
[300]	validation-rmse:27444.88400
[301]	validation-rmse:27423.01666
[302]	validation-rmse:27387.65817
[303]	validation-rmse:27367.09920
[304]	validation-rmse:27331.99190
[305]	validation-rmse:27308.66476
[306]	validation-rmse:27289.56236
[307]	validation-rmse:27264.18364
[308]	validation-rmse:27243.23901
[309]	validation-rmse:27221.38749
[310]	validation-rmse:27207.48571
[311]	validation-rmse:27180.69808
[312]	validation-rmse:27150.05352
[313]	validation-rmse:27118.70548
[314]	validation-rmse:27094.40622
[315]	validation-rmse:27079.72770
[316]	validation-rmse:27053.64108
[317]	validation-rmse:27027.07237
[318]	validation-rmse:27008.08440
[319]	validation-rmse:26978.35701
[320]	validation-rmse:26954.49773
[321]	validation-rmse:26923.09583
[322]	validation-rmse:26906.04799
[323]	validation-rmse:26887.02227
[324]	validation-rmse:26869.19545
[325]	validation-rmse:26850.02457
[326]	validation-rmse:26841.44508
[327]	validation-rmse:26809.99181
[328]	validation-rmse:26797.14612
[329]	validation-rmse:26777.18984
[330]	validation-rmse:26753.33980
[331]	validation-rmse:26730.90769
[332]	validation-rmse:26707.65388
[333]	validation-rmse:26690.18629
[334]	validation-rmse:26679.65638
[335]	validation-rmse:26668.46559
[336]	validation-rmse:26645.06596
[337]	validation-rmse:26631.44303
[338]	validation-rmse:26617.73065
[339]	validation-rmse:26611.81967
[340]	validation-rmse:26604.47945
[341]	validation-rmse:26586.38598
[342]	validation-rmse:26571.18469
[343]	validation-rmse:26543.23480
[344]	validation-rmse:26536.26002
[345]	validation-rmse:26514.26413
[346]	validation-rmse:26503.94763
[347]	validation-rmse:26481.15483
[348]	validation-rmse:26471.86220
[349]	validation-rmse:26448.37627
[350]	validation-rmse:26439.33739
[351]	validation-rmse:26441.94923
[352]	validation-rmse:26435.09130
[353]	validation-rmse:26424.05988
[354]	validation-rmse:26411.02826
[355]	validation-rmse:26401.33792
[356]	validation-rmse:26390.50256
[357]	validation-rmse:26375.97662
[358]	validation-rmse:26364.07654
[359]	validation-rmse:26353.80818
[360]	validation-rmse:26333.56775
[361]	validation-rmse:26318.41646
[362]	validation-rmse:26308.14003
[363]	validation-rmse:26297.10610
[364]	validation-rmse:26290.33927
[365]	validation-rmse:26271.95051
[366]	validation-rmse:26264.03627
[367]	validation-rmse:26255.54952
[368]	validation-rmse:26247.34125
[369]	validation-rmse:26236.72404
[370]	validation-rmse:26216.53293
[371]	validation-rmse:26210.41486
[372]	validation-rmse:26209.11849
[373]	validation-rmse:26190.88625
[374]	validation-rmse:26177.12002
[375]	validation-rmse:26172.44439
[376]	validation-rmse:26159.77969
[377]	validation-rmse:26152.25210
[378]	validation-rmse:26135.93137
[379]	validation-rmse:26127.06073
[380]	validation-rmse:26112.77908
[381]	validation-rmse:26101.02581
[382]	validation-rmse:26087.82229
[383]	validation-rmse:26083.99397
[384]	validation-rmse:26068.82554
[385]	validation-rmse:26047.70445
[386]	validation-rmse:26044.06400
[387]	validation-rmse:26034.14416
[388]	validation-rmse:26023.52021
[389]	validation-rmse:26015.29501
[390]	validation-rmse:26015.00663
[391]	validation-rmse:26002.19566
[392]	validation-rmse:25992.38604
[393]	validation-rmse:25976.48821
[394]	validation-rmse:25971.10673
[395]	validation-rmse:25963.45549
[396]	validation-rmse:25950.51790
[397]	validation-rmse:25943.74656
[398]	validation-rmse:25930.12944
[399]	validation-rmse:25925.40869
[400]	validation-rmse:25926.34102
[401]	validation-rmse:25918.08619
[402]	validation-rmse:25914.34542
[403]	validation-rmse:25910.18644
[404]	validation-rmse:25898.46671
[405]	validation-rmse:25890.72749
[406]	validation-rmse:25881.41530
[407]	validation-rmse:25877.83069
[408]	validation-rmse:25870.30264
[409]	validation-rmse:25861.92870
[410]	validation-rmse:25857.66079
[411]	validation-rmse:25847.23612
[412]	validation-rmse:25843.71247
[413]	validation-rmse:25839.73861
[414]	validation-rmse:25827.77247
[415]	validation-rmse:25821.58480
[416]	validation-rmse:25810.58477
[417]	validation-rmse:25799.80366
[418]	validation-rmse:25785.03019
[419]	validation-rmse:25781.05705
[420]	validation-rmse:25774.63687
[421]	validation-rmse:25767.32972
[422]	validation-rmse:25761.52558
[423]	validation-rmse:25744.37136
[424]	validation-rmse:25738.21158
[425]	validation-rmse:25732.31548
[426]	validation-rmse:25725.39296
[427]	validation-rmse:25719.42718
[428]	validation-rmse:25715.82782
[429]	validation-rmse:25693.85407
[430]	validation-rmse:25673.03342
[431]	validation-rmse:25667.51057
[432]	validation-rmse:25654.72762
[433]	validation-rmse:25647.13829
[434]	validation-rmse:25642.23486
[435]	validation-rmse:25633.11089
[436]	validation-rmse:25630.29935
[437]	validation-rmse:25622.09052
[438]	validation-rmse:25617.67422
[439]	validation-rmse:25612.99393
[440]	validation-rmse:25612.11316
[441]	validation-rmse:25595.57245
[442]	validation-rmse:25587.99665
[443]	validation-rmse:25582.61798
[444]	validation-rmse:25583.59449
[445]	validation-rmse:25578.44314
[446]	validation-rmse:25572.66387
[447]	validation-rmse:25568.24430
[448]	validation-rmse:25567.63236
[449]	validation-rmse:25551.34872
[450]	validation-rmse:25542.72506
[451]	validation-rmse:25542.19160
[452]	validation-rmse:25542.30838
[453]	validation-rmse:25537.21235
[454]	validation-rmse:25524.79800
[455]	validation-rmse:25520.22136
[456]	validation-rmse:25510.64867
[457]	validation-rmse:25508.05589
[458]	validation-rmse:25498.27327
[459]	validation-rmse:25492.11056
[460]	validation-rmse:25484.30120
[461]	validation-rmse:25475.34377
[462]	validation-rmse:25469.50759
[463]	validation-rmse:25465.38071
[464]	validation-rmse:25464.17834
[465]	validation-rmse:25453.98746
[466]	validation-rmse:25450.67223
[467]	validation-rmse:25442.09853
[468]	validation-rmse:25438.82008
[469]	validation-rmse:25438.80303
[470]	validation-rmse:25431.92541
[471]	validation-rmse:25427.41794
[472]	validation-rmse:25424.59413
[473]	validation-rmse:25423.50436
[474]	validation-rmse:25420.91733
[475]	validation-rmse:25408.59332
[476]	validation-rmse:25407.38913
[477]	validation-rmse:25401.84180
[478]	validation-rmse:25392.46353
[479]	validation-rmse:25387.95773
[480]	validation-rmse:25383.68793
[481]	validation-rmse:25378.51872
[482]	validation-rmse:25370.83984
[483]	validation-rmse:25370.56668
[484]	validation-rmse:25369.17958
[485]	validation-rmse:25366.49150
[486]	validation-rmse:25367.33274
[487]	validation-rmse:25364.47473
[488]	validation-rmse:25362.39323
[489]	validation-rmse:25359.14299
[490]	validation-rmse:25352.21139
[491]	validation-rmse:25348.68835
[492]	validation-rmse:25347.15586
[493]	validation-rmse:25341.56666
[494]	validation-rmse:25338.60600
[495]	validation-rmse:25333.97112
[496]	validation-rmse:25337.56584
[497]	validation-rmse:25328.99219
[498]	validation-rmse:25326.29206
[499]	validation-rmse:25319.36756
Validation R² for this fold: 0.9164
Validation MAE for this fold: 15751.4453
[0]	validation-rmse:82006.99252
[1]	validation-rmse:81278.72506
[2]	validation-rmse:80654.77515
[3]	validation-rmse:80051.63975
[4]	validation-rmse:79403.51300
[5]	validation-rmse:78750.76445
[6]	validation-rmse:78190.14226
[7]	validation-rmse:77591.62128
[8]	validation-rmse:76922.52400
[9]	validation-rmse:76273.51338
[10]	validation-rmse:75669.12942
[11]	validation-rmse:75082.16585
[12]	validation-rmse:74426.28221
[13]	validation-rmse:73843.45124
[14]	validation-rmse:73232.92985
[15]	validation-rmse:72615.41742
[16]	validation-rmse:72073.14145
[17]	validation-rmse:71472.26344
[18]	validation-rmse:70911.07109
[19]	validation-rmse:70365.56799
[20]	validation-rmse:69848.24719
[21]	validation-rmse:69262.59994
[22]	validation-rmse:68679.33840
[23]	validation-rmse:68244.57182
[24]	validation-rmse:67781.61337
[25]	validation-rmse:67206.84399
[26]	validation-rmse:66697.08880
[27]	validation-rmse:66147.27512
[28]	validation-rmse:65605.88255
[29]	validation-rmse:65101.30954
[30]	validation-rmse:64553.56057
[31]	validation-rmse:64068.96399
[32]	validation-rmse:63628.55442
[33]	validation-rmse:63101.65499
[34]	validation-rmse:62698.11943
[35]	validation-rmse:62214.74789
[36]	validation-rmse:61688.83286
[37]	validation-rmse:61251.24224
[38]	validation-rmse:60782.19863
[39]	validation-rmse:60357.98458
[40]	validation-rmse:59936.53472
[41]	validation-rmse:59442.68291
[42]	validation-rmse:59032.19923
[43]	validation-rmse:58568.27299
[44]	validation-rmse:58185.69900
[45]	validation-rmse:57847.15322
[46]	validation-rmse:57503.57182
[47]	validation-rmse:57079.84841
[48]	validation-rmse:56709.98920
[49]	validation-rmse:56444.88165
[50]	validation-rmse:56011.57010
[51]	validation-rmse:55602.67665
[52]	validation-rmse:55257.45305
[53]	validation-rmse:54834.63610
[54]	validation-rmse:54431.37348
[55]	validation-rmse:54056.05305
[56]	validation-rmse:53752.23284
[57]	validation-rmse:53425.62741
[58]	validation-rmse:53072.80464
[59]	validation-rmse:52740.86194
[60]	validation-rmse:52385.79974
[61]	validation-rmse:52077.42812
[62]	validation-rmse:51790.70965
[63]	validation-rmse:51525.36123
[64]	validation-rmse:51177.75413
[65]	validation-rmse:50942.86851
[66]	validation-rmse:50635.48888
[67]	validation-rmse:50331.61051
[68]	validation-rmse:50057.12208
[69]	validation-rmse:49725.42558
[70]	validation-rmse:49460.16695
[71]	validation-rmse:49107.02069
[72]	validation-rmse:48845.57645
[73]	validation-rmse:48540.69692
[74]	validation-rmse:48233.23510
[75]	validation-rmse:47952.47475
[76]	validation-rmse:47673.37453
[77]	validation-rmse:47373.55129
[78]	validation-rmse:47093.66584
[79]	validation-rmse:46784.38811
[80]	validation-rmse:46507.02134
[81]	validation-rmse:46249.93581
[82]	validation-rmse:45962.14321
[83]	validation-rmse:45670.49639
[84]	validation-rmse:45423.51513
[85]	validation-rmse:45176.88133
[86]	validation-rmse:44974.44009
[87]	validation-rmse:44761.86420
[88]	validation-rmse:44502.93937
[89]	validation-rmse:44251.16245
[90]	validation-rmse:43994.16750
[91]	validation-rmse:43796.03241
[92]	validation-rmse:43580.91620
[93]	validation-rmse:43363.07807
[94]	validation-rmse:43103.07370
[95]	validation-rmse:42885.96665
[96]	validation-rmse:42689.07367
[97]	validation-rmse:42444.14011
[98]	validation-rmse:42208.55622
[99]	validation-rmse:41952.28491
[100]	validation-rmse:41722.12110
[101]	validation-rmse:41497.35560
[102]	validation-rmse:41289.38701
[103]	validation-rmse:41073.58328
[104]	validation-rmse:40928.98931
[105]	validation-rmse:40720.71361
[106]	validation-rmse:40512.57474
[107]	validation-rmse:40290.13566
[108]	validation-rmse:40114.89355
[109]	validation-rmse:39924.42989
[110]	validation-rmse:39746.20394
[111]	validation-rmse:39547.14301
[112]	validation-rmse:39352.73394
[113]	validation-rmse:39153.64098
[114]	validation-rmse:38991.04626
[115]	validation-rmse:38792.94872
[116]	validation-rmse:38673.25108
[117]	validation-rmse:38465.41596
[118]	validation-rmse:38306.80577
[119]	validation-rmse:38152.62006
[120]	validation-rmse:37966.12131
[121]	validation-rmse:37788.95157
[122]	validation-rmse:37610.90613
[123]	validation-rmse:37428.88503
[124]	validation-rmse:37283.75325
[125]	validation-rmse:37090.50521
[126]	validation-rmse:36943.98976
[127]	validation-rmse:36784.71739
[128]	validation-rmse:36601.20773
[129]	validation-rmse:36447.31452
[130]	validation-rmse:36280.23750
[131]	validation-rmse:36150.32284
[132]	validation-rmse:35985.35788
[133]	validation-rmse:35879.59643
[134]	validation-rmse:35759.67613
[135]	validation-rmse:35658.27138
[136]	validation-rmse:35537.56535
[137]	validation-rmse:35377.41976
[138]	validation-rmse:35228.06196
[139]	validation-rmse:35067.00910
[140]	validation-rmse:34941.88030
[141]	validation-rmse:34795.95909
[142]	validation-rmse:34699.24325
[143]	validation-rmse:34574.81665
[144]	validation-rmse:34441.68557
[145]	validation-rmse:34315.48327
[146]	validation-rmse:34232.40965
[147]	validation-rmse:34154.60190
[148]	validation-rmse:34031.91005
[149]	validation-rmse:33905.91542
[150]	validation-rmse:33784.00442
[151]	validation-rmse:33658.40110
[152]	validation-rmse:33514.10305
[153]	validation-rmse:33385.52176
[154]	validation-rmse:33310.27461
[155]	validation-rmse:33194.80417
[156]	validation-rmse:33077.48807
[157]	validation-rmse:32997.08838
[158]	validation-rmse:32895.13342
[159]	validation-rmse:32794.26829
[160]	validation-rmse:32678.55042
[161]	validation-rmse:32575.64561
[162]	validation-rmse:32474.82888
[163]	validation-rmse:32353.19068
[164]	validation-rmse:32299.80043
[165]	validation-rmse:32174.34197
[166]	validation-rmse:32089.69610
[167]	validation-rmse:32009.99127
[168]	validation-rmse:31924.23318
[169]	validation-rmse:31815.80566
[170]	validation-rmse:31720.14219
[171]	validation-rmse:31652.03540
[172]	validation-rmse:31559.13553
[173]	validation-rmse:31456.35676
[174]	validation-rmse:31376.63085
[175]	validation-rmse:31276.92098
[176]	validation-rmse:31184.44669
[177]	validation-rmse:31089.84357
[178]	validation-rmse:31002.03762
[179]	validation-rmse:30919.60561
[180]	validation-rmse:30826.88481
[181]	validation-rmse:30750.73639
[182]	validation-rmse:30692.82701
[183]	validation-rmse:30613.71968
[184]	validation-rmse:30537.09578
[185]	validation-rmse:30439.59536
[186]	validation-rmse:30354.59291
[187]	validation-rmse:30270.19288
[188]	validation-rmse:30179.25991
[189]	validation-rmse:30089.13482
[190]	validation-rmse:30013.46329
[191]	validation-rmse:29933.36060
[192]	validation-rmse:29894.24714
[193]	validation-rmse:29841.04405
[194]	validation-rmse:29768.77547
[195]	validation-rmse:29731.41917
[196]	validation-rmse:29664.43433
[197]	validation-rmse:29616.17439
[198]	validation-rmse:29540.26060
[199]	validation-rmse:29458.63123
[200]	validation-rmse:29369.39611
[201]	validation-rmse:29317.68009
[202]	validation-rmse:29259.67643
[203]	validation-rmse:29209.65627
[204]	validation-rmse:29164.67678
[205]	validation-rmse:29118.14408
[206]	validation-rmse:29067.66362
[207]	validation-rmse:29006.78343
[208]	validation-rmse:28956.66156
[209]	validation-rmse:28900.13623
[210]	validation-rmse:28843.67356
[211]	validation-rmse:28781.78729
[212]	validation-rmse:28720.99291
[213]	validation-rmse:28663.77929
[214]	validation-rmse:28620.06101
[215]	validation-rmse:28566.88202
[216]	validation-rmse:28509.27613
[217]	validation-rmse:28448.33682
[218]	validation-rmse:28367.95667
[219]	validation-rmse:28314.03609
[220]	validation-rmse:28283.82866
[221]	validation-rmse:28227.31645
[222]	validation-rmse:28169.43825
[223]	validation-rmse:28122.69827
[224]	validation-rmse:28079.70662
[225]	validation-rmse:28052.62916
[226]	validation-rmse:27995.92471
[227]	validation-rmse:27953.58933
[228]	validation-rmse:27921.76559
[229]	validation-rmse:27871.47905
[230]	validation-rmse:27834.73416
[231]	validation-rmse:27783.15058
[232]	validation-rmse:27741.85367
[233]	validation-rmse:27698.36139
[234]	validation-rmse:27642.03770
[235]	validation-rmse:27590.43816
[236]	validation-rmse:27571.01639
[237]	validation-rmse:27523.30861
[238]	validation-rmse:27475.98188
[239]	validation-rmse:27447.19230
[240]	validation-rmse:27393.97459
[241]	validation-rmse:27359.10751
[242]	validation-rmse:27303.80421
[243]	validation-rmse:27282.96223
[244]	validation-rmse:27240.30760
[245]	validation-rmse:27225.91466
[246]	validation-rmse:27192.83177
[247]	validation-rmse:27151.25778
[248]	validation-rmse:27125.02433
[249]	validation-rmse:27105.27643
[250]	validation-rmse:27077.05190
[251]	validation-rmse:27033.34337
[252]	validation-rmse:27003.61457
[253]	validation-rmse:26981.29177
[254]	validation-rmse:26935.12131
[255]	validation-rmse:26902.50170
[256]	validation-rmse:26866.19088
[257]	validation-rmse:26838.50195
[258]	validation-rmse:26807.78080
[259]	validation-rmse:26767.16368
[260]	validation-rmse:26767.05908
[261]	validation-rmse:26745.84366
[262]	validation-rmse:26698.62085
[263]	validation-rmse:26680.64019
[264]	validation-rmse:26644.56764
[265]	validation-rmse:26608.39217
[266]	validation-rmse:26560.61005
[267]	validation-rmse:26512.08621
[268]	validation-rmse:26483.80548
[269]	validation-rmse:26466.23066
[270]	validation-rmse:26440.43711
[271]	validation-rmse:26414.65672
[272]	validation-rmse:26369.61082
[273]	validation-rmse:26338.26347
[274]	validation-rmse:26315.68057
[275]	validation-rmse:26296.66449
[276]	validation-rmse:26282.92602
[277]	validation-rmse:26259.04223
[278]	validation-rmse:26245.14814
[279]	validation-rmse:26233.24017
[280]	validation-rmse:26213.96479
[281]	validation-rmse:26192.96101
[282]	validation-rmse:26176.45900
[283]	validation-rmse:26144.22984
[284]	validation-rmse:26123.52793
[285]	validation-rmse:26106.88229
[286]	validation-rmse:26079.69791
[287]	validation-rmse:26048.35096
[288]	validation-rmse:26024.38498
[289]	validation-rmse:25996.74875
[290]	validation-rmse:25978.58645
[291]	validation-rmse:25960.47785
[292]	validation-rmse:25924.55679
[293]	validation-rmse:25916.90741
[294]	validation-rmse:25900.88584
[295]	validation-rmse:25879.80397
[296]	validation-rmse:25865.33170
[297]	validation-rmse:25851.69115
[298]	validation-rmse:25832.80269
[299]	validation-rmse:25810.49136
[300]	validation-rmse:25795.03147
[301]	validation-rmse:25778.16213
[302]	validation-rmse:25752.62585
[303]	validation-rmse:25735.34189
[304]	validation-rmse:25703.14014
[305]	validation-rmse:25680.44065
[306]	validation-rmse:25650.23947
[307]	validation-rmse:25620.50436
[308]	validation-rmse:25606.10421
[309]	validation-rmse:25589.25731
[310]	validation-rmse:25574.06497
[311]	validation-rmse:25548.95187
[312]	validation-rmse:25519.25464
[313]	validation-rmse:25512.73364
[314]	validation-rmse:25486.95509
[315]	validation-rmse:25477.06372
[316]	validation-rmse:25456.79487
[317]	validation-rmse:25456.21901
[318]	validation-rmse:25439.73477
[319]	validation-rmse:25436.65406
[320]	validation-rmse:25421.30085
[321]	validation-rmse:25389.28077
[322]	validation-rmse:25374.69771
[323]	validation-rmse:25348.16770
[324]	validation-rmse:25338.86927
[325]	validation-rmse:25317.94543
[326]	validation-rmse:25282.61539
[327]	validation-rmse:25272.58223
[328]	validation-rmse:25266.68569
[329]	validation-rmse:25236.77966
[330]	validation-rmse:25215.76085
[331]	validation-rmse:25208.56902
[332]	validation-rmse:25199.27036
[333]	validation-rmse:25182.20485
[334]	validation-rmse:25160.35774
[335]	validation-rmse:25134.94459
[336]	validation-rmse:25112.32357
[337]	validation-rmse:25090.55857
[338]	validation-rmse:25067.20976
[339]	validation-rmse:25063.46738
[340]	validation-rmse:25043.76514
[341]	validation-rmse:25037.24692
[342]	validation-rmse:25015.63593
[343]	validation-rmse:24998.78528
[344]	validation-rmse:24974.59904
[345]	validation-rmse:24968.42517
[346]	validation-rmse:24961.53965
[347]	validation-rmse:24939.26416
[348]	validation-rmse:24927.32766
[349]	validation-rmse:24905.78256
[350]	validation-rmse:24900.32493
[351]	validation-rmse:24896.04187
[352]	validation-rmse:24872.04342
[353]	validation-rmse:24856.09443
[354]	validation-rmse:24832.82717
[355]	validation-rmse:24831.90546
[356]	validation-rmse:24813.49768
[357]	validation-rmse:24805.69642
[358]	validation-rmse:24789.30170
[359]	validation-rmse:24785.81688
[360]	validation-rmse:24792.48726
[361]	validation-rmse:24779.79191
[362]	validation-rmse:24776.24220
[363]	validation-rmse:24749.54259
[364]	validation-rmse:24726.40604
[365]	validation-rmse:24703.57622
[366]	validation-rmse:24689.40120
[367]	validation-rmse:24675.50285
[368]	validation-rmse:24665.07946
[369]	validation-rmse:24646.99647
[370]	validation-rmse:24629.59172
[371]	validation-rmse:24610.12537
[372]	validation-rmse:24585.84512
[373]	validation-rmse:24571.27768
[374]	validation-rmse:24550.07113
[375]	validation-rmse:24533.71332
[376]	validation-rmse:24519.85822
[377]	validation-rmse:24497.95559
[378]	validation-rmse:24490.16428
[379]	validation-rmse:24471.99825
[380]	validation-rmse:24467.95307
[381]	validation-rmse:24460.02779
[382]	validation-rmse:24440.44303
[383]	validation-rmse:24430.10480
[384]	validation-rmse:24429.42648
[385]	validation-rmse:24413.15283
[386]	validation-rmse:24399.33903
[387]	validation-rmse:24389.22953
[388]	validation-rmse:24382.09242
[389]	validation-rmse:24365.12203
[390]	validation-rmse:24365.91996
[391]	validation-rmse:24364.78438
[392]	validation-rmse:24355.53475
[393]	validation-rmse:24355.86128
[394]	validation-rmse:24341.06195
[395]	validation-rmse:24331.43542
[396]	validation-rmse:24316.98121
[397]	validation-rmse:24304.12421
[398]	validation-rmse:24291.18669
[399]	validation-rmse:24276.61318
[400]	validation-rmse:24269.26488
[401]	validation-rmse:24252.91220
[402]	validation-rmse:24237.61576
[403]	validation-rmse:24212.88849
[404]	validation-rmse:24202.40054
[405]	validation-rmse:24189.73222
[406]	validation-rmse:24172.45721
[407]	validation-rmse:24166.97816
[408]	validation-rmse:24156.09073
[409]	validation-rmse:24143.56185
[410]	validation-rmse:24130.50441
[411]	validation-rmse:24113.94298
[412]	validation-rmse:24103.09852
[413]	validation-rmse:24081.26248
[414]	validation-rmse:24067.40210
[415]	validation-rmse:24061.58486
[416]	validation-rmse:24051.03844
[417]	validation-rmse:24042.57442
[418]	validation-rmse:24030.61905
[419]	validation-rmse:24023.10372
[420]	validation-rmse:24007.71620
[421]	validation-rmse:23996.27852
[422]	validation-rmse:23978.95467
[423]	validation-rmse:23975.27848
[424]	validation-rmse:23967.70995
[425]	validation-rmse:23953.46612
[426]	validation-rmse:23937.75384
[427]	validation-rmse:23926.76194
[428]	validation-rmse:23924.06263
[429]	validation-rmse:23907.92918
[430]	validation-rmse:23901.81025
[431]	validation-rmse:23895.71451
[432]	validation-rmse:23897.18993
[433]	validation-rmse:23886.20385
[434]	validation-rmse:23881.96408
[435]	validation-rmse:23876.33096
[436]	validation-rmse:23865.11986
[437]	validation-rmse:23862.68171
[438]	validation-rmse:23847.02224
[439]	validation-rmse:23845.98236
[440]	validation-rmse:23832.82587
[441]	validation-rmse:23824.43443
[442]	validation-rmse:23810.63592
[443]	validation-rmse:23797.42617
[444]	validation-rmse:23784.40661
[445]	validation-rmse:23770.22760
[446]	validation-rmse:23759.84160
[447]	validation-rmse:23753.31415
[448]	validation-rmse:23744.88197
[449]	validation-rmse:23735.61742
[450]	validation-rmse:23731.02361
[451]	validation-rmse:23719.42209
[452]	validation-rmse:23713.15352
[453]	validation-rmse:23701.33024
[454]	validation-rmse:23690.18068
[455]	validation-rmse:23675.50961
[456]	validation-rmse:23668.78094
[457]	validation-rmse:23662.87792
[458]	validation-rmse:23659.08519
[459]	validation-rmse:23653.22328
[460]	validation-rmse:23640.99008
[461]	validation-rmse:23632.71613
[462]	validation-rmse:23622.13438
[463]	validation-rmse:23612.31865
[464]	validation-rmse:23609.73267
[465]	validation-rmse:23600.40784
[466]	validation-rmse:23590.86447
[467]	validation-rmse:23588.93160
[468]	validation-rmse:23576.72451
[469]	validation-rmse:23565.21539
[470]	validation-rmse:23555.10457
[471]	validation-rmse:23555.12690
[472]	validation-rmse:23544.57048
[473]	validation-rmse:23533.56868
[474]	validation-rmse:23524.33855
[475]	validation-rmse:23520.12687
[476]	validation-rmse:23513.18368
[477]	validation-rmse:23502.43982
[478]	validation-rmse:23494.54091
[479]	validation-rmse:23480.15610
[480]	validation-rmse:23472.30314
[481]	validation-rmse:23464.60866
[482]	validation-rmse:23463.74663
[483]	validation-rmse:23457.03617
[484]	validation-rmse:23455.78199
[485]	validation-rmse:23448.66696
[486]	validation-rmse:23439.95864
[487]	validation-rmse:23428.41250
[488]	validation-rmse:23424.36306
[489]	validation-rmse:23413.13093
[490]	validation-rmse:23399.49709
[491]	validation-rmse:23397.21743
[492]	validation-rmse:23396.81952
[493]	validation-rmse:23397.02382
[494]	validation-rmse:23385.08358
[495]	validation-rmse:23383.28145
[496]	validation-rmse:23379.97290
[497]	validation-rmse:23376.47508
[498]	validation-rmse:23366.75290
[499]	validation-rmse:23364.66349
Validation R² for this fold: 0.9197
Validation MAE for this fold: 15399.1709
[0]	validation-rmse:73732.04305
[1]	validation-rmse:73154.24612
[2]	validation-rmse:72612.65629
[3]	validation-rmse:72111.52919
[4]	validation-rmse:71587.94023
[5]	validation-rmse:71094.93521
[6]	validation-rmse:70618.67005
[7]	validation-rmse:70157.66351
[8]	validation-rmse:69674.69296
[9]	validation-rmse:69174.72560
[10]	validation-rmse:68684.37759
[11]	validation-rmse:68149.11034
[12]	validation-rmse:67641.53008
[13]	validation-rmse:67137.33780
[14]	validation-rmse:66650.79520
[15]	validation-rmse:66163.06215
[16]	validation-rmse:65691.14744
[17]	validation-rmse:65225.83329
[18]	validation-rmse:64758.48854
[19]	validation-rmse:64305.84203
[20]	validation-rmse:63837.34060
[21]	validation-rmse:63453.00683
[22]	validation-rmse:62996.42785
[23]	validation-rmse:62586.04720
[24]	validation-rmse:62124.41772
[25]	validation-rmse:61705.73419
[26]	validation-rmse:61317.75898
[27]	validation-rmse:60876.68484
[28]	validation-rmse:60499.20247
[29]	validation-rmse:60131.14447
[30]	validation-rmse:59715.69689
[31]	validation-rmse:59317.59403
[32]	validation-rmse:58899.57262
[33]	validation-rmse:58508.48307
[34]	validation-rmse:58114.17977
[35]	validation-rmse:57707.82903
[36]	validation-rmse:57329.77421
[37]	validation-rmse:56932.64580
[38]	validation-rmse:56523.19799
[39]	validation-rmse:56238.54798
[40]	validation-rmse:55868.59801
[41]	validation-rmse:55500.54737
[42]	validation-rmse:55224.31078
[43]	validation-rmse:54917.99988
[44]	validation-rmse:54589.42147
[45]	validation-rmse:54277.83158
[46]	validation-rmse:53961.73605
[47]	validation-rmse:53661.10207
[48]	validation-rmse:53335.74896
[49]	validation-rmse:53044.11334
[50]	validation-rmse:52755.85252
[51]	validation-rmse:52534.68039
[52]	validation-rmse:52223.86406
[53]	validation-rmse:51920.54941
[54]	validation-rmse:51614.88439
[55]	validation-rmse:51331.89487
[56]	validation-rmse:51061.96807
[57]	validation-rmse:50810.87846
[58]	validation-rmse:50532.16267
[59]	validation-rmse:50276.72643
[60]	validation-rmse:50046.16466
[61]	validation-rmse:49793.47033
[62]	validation-rmse:49555.70745
[63]	validation-rmse:49310.62732
[64]	validation-rmse:49079.20199
[65]	validation-rmse:48817.83356
[66]	validation-rmse:48593.08336
[67]	validation-rmse:48313.39156
[68]	validation-rmse:48066.54883
[69]	validation-rmse:47831.71214
[70]	validation-rmse:47606.39667
[71]	validation-rmse:47421.04176
[72]	validation-rmse:47241.31078
[73]	validation-rmse:47034.45194
[74]	validation-rmse:46869.65844
[75]	validation-rmse:46671.19211
[76]	validation-rmse:46479.39494
[77]	validation-rmse:46275.48528
[78]	validation-rmse:46117.18908
[79]	validation-rmse:45974.37373
[80]	validation-rmse:45787.81859
[81]	validation-rmse:45585.40471
[82]	validation-rmse:45387.49240
[83]	validation-rmse:45237.59025
[84]	validation-rmse:45077.65231
[85]	validation-rmse:44941.61843
[86]	validation-rmse:44816.78085
[87]	validation-rmse:44622.43643
[88]	validation-rmse:44460.47991
[89]	validation-rmse:44322.93343
[90]	validation-rmse:44170.07514
[91]	validation-rmse:44005.46597
[92]	validation-rmse:43863.12998
[93]	validation-rmse:43715.85592
[94]	validation-rmse:43582.09658
[95]	validation-rmse:43449.22088
[96]	validation-rmse:43309.63635
[97]	validation-rmse:43203.42933
[98]	validation-rmse:43092.24300
[99]	validation-rmse:42972.85613
[100]	validation-rmse:42872.25935
[101]	validation-rmse:42782.41390
[102]	validation-rmse:42695.51421
[103]	validation-rmse:42607.21119
[104]	validation-rmse:42483.93346
[105]	validation-rmse:42370.27728
[106]	validation-rmse:42269.94234
[107]	validation-rmse:42143.70042
[108]	validation-rmse:42070.96035
[109]	validation-rmse:41940.17195
[110]	validation-rmse:41874.70973
[111]	validation-rmse:41758.75153
[112]	validation-rmse:41609.99515
[113]	validation-rmse:41548.65579
[114]	validation-rmse:41449.20272
[115]	validation-rmse:41327.78062
[116]	validation-rmse:41207.04775
[117]	validation-rmse:41084.81007
[118]	validation-rmse:41013.01174
[119]	validation-rmse:40947.16913
[120]	validation-rmse:40865.96613
[121]	validation-rmse:40803.60939
[122]	validation-rmse:40757.76097
[123]	validation-rmse:40713.91325
[124]	validation-rmse:40665.14008
[125]	validation-rmse:40602.77690
[126]	validation-rmse:40565.39498
[127]	validation-rmse:40507.86483
[128]	validation-rmse:40480.11966
[129]	validation-rmse:40428.23251
[130]	validation-rmse:40347.65551
[131]	validation-rmse:40281.55716
[132]	validation-rmse:40221.36335
[133]	validation-rmse:40172.97390
[134]	validation-rmse:40108.05006
[135]	validation-rmse:40086.18315
[136]	validation-rmse:40038.73133
[137]	validation-rmse:39966.68606
[138]	validation-rmse:39896.08568
[139]	validation-rmse:39852.20730
[140]	validation-rmse:39851.51874
[141]	validation-rmse:39809.62160
[142]	validation-rmse:39777.78527
[143]	validation-rmse:39737.62722
[144]	validation-rmse:39695.15716
[145]	validation-rmse:39654.25499
[146]	validation-rmse:39605.66717
[147]	validation-rmse:39602.25495
[148]	validation-rmse:39564.63026
[149]	validation-rmse:39515.71446
[150]	validation-rmse:39505.43798
[151]	validation-rmse:39475.06051
[152]	validation-rmse:39449.94837
[153]	validation-rmse:39405.68630
[154]	validation-rmse:39380.50580
[155]	validation-rmse:39376.12343
[156]	validation-rmse:39379.95043
[157]	validation-rmse:39311.62678
[158]	validation-rmse:39280.49614
[159]	validation-rmse:39250.84112
[160]	validation-rmse:39215.86099
[161]	validation-rmse:39205.71242
[162]	validation-rmse:39203.94201
[163]	validation-rmse:39179.61562
[164]	validation-rmse:39180.09470
[165]	validation-rmse:39136.50901
[166]	validation-rmse:39107.35546
[167]	validation-rmse:39096.12739
[168]	validation-rmse:39092.63271
[169]	validation-rmse:39084.53346
[170]	validation-rmse:39055.48730
[171]	validation-rmse:39076.82447
[172]	validation-rmse:39057.24572
[173]	validation-rmse:39047.37291
[174]	validation-rmse:39025.16286
[175]	validation-rmse:39027.61206
[176]	validation-rmse:38998.30252
[177]	validation-rmse:38957.44427
[178]	validation-rmse:38915.34707
[179]	validation-rmse:38889.20339
[180]	validation-rmse:38876.24894
[181]	validation-rmse:38842.81413
[182]	validation-rmse:38860.30858
[183]	validation-rmse:38837.36754
[184]	validation-rmse:38809.05628
[185]	validation-rmse:38825.88087
[186]	validation-rmse:38802.00952
[187]	validation-rmse:38819.32046
[188]	validation-rmse:38831.94050
[189]	validation-rmse:38831.32194
[190]	validation-rmse:38857.68747
[191]	validation-rmse:38841.02774
[192]	validation-rmse:38863.24044
[193]	validation-rmse:38852.61869
[194]	validation-rmse:38852.93513
[195]	validation-rmse:38838.04023
[196]	validation-rmse:38883.69528
Validation R² for this fold: 0.7263
Validation MAE for this fold: 21442.4688
[0]	validation-rmse:78700.78602
[1]	validation-rmse:78109.95633
[2]	validation-rmse:77517.10471
[3]	validation-rmse:76992.63844
[4]	validation-rmse:76451.36550
[5]	validation-rmse:75937.82992
[6]	validation-rmse:75508.82355
[7]	validation-rmse:74979.43921
[8]	validation-rmse:74394.74243
[9]	validation-rmse:73905.51156
[10]	validation-rmse:73384.87318
[11]	validation-rmse:72896.32975
[12]	validation-rmse:72356.20786
[13]	validation-rmse:71864.80308
[14]	validation-rmse:71359.19846
[15]	validation-rmse:70854.28339
[16]	validation-rmse:70363.99880
[17]	validation-rmse:69895.39597
[18]	validation-rmse:69400.78254
[19]	validation-rmse:68947.74933
[20]	validation-rmse:68476.75628
[21]	validation-rmse:67910.61722
[22]	validation-rmse:67452.64475
[23]	validation-rmse:67018.28583
[24]	validation-rmse:66562.66761
[25]	validation-rmse:66070.33296
[26]	validation-rmse:65659.81018
[27]	validation-rmse:65252.92700
[28]	validation-rmse:64879.73366
[29]	validation-rmse:64475.53241
[30]	validation-rmse:63970.23511
[31]	validation-rmse:63467.82878
[32]	validation-rmse:63048.48015
[33]	validation-rmse:62603.78044
[34]	validation-rmse:62186.83555
[35]	validation-rmse:61774.66979
[36]	validation-rmse:61357.74619
[37]	validation-rmse:60979.18893
[38]	validation-rmse:60587.77958
[39]	validation-rmse:60209.07825
[40]	validation-rmse:59803.72573
[41]	validation-rmse:59439.07832
[42]	validation-rmse:59117.35510
[43]	validation-rmse:58740.16749
[44]	validation-rmse:58360.87785
[45]	validation-rmse:58053.65294
[46]	validation-rmse:57689.54105
[47]	validation-rmse:57349.89362
[48]	validation-rmse:57031.83367
[49]	validation-rmse:56728.19252
[50]	validation-rmse:56385.10687
[51]	validation-rmse:56061.18105
[52]	validation-rmse:55715.34866
[53]	validation-rmse:55356.93884
[54]	validation-rmse:55046.58598
[55]	validation-rmse:54745.16917
[56]	validation-rmse:54408.26672
[57]	validation-rmse:54104.83352
[58]	validation-rmse:53760.42432
[59]	validation-rmse:53478.39489
[60]	validation-rmse:53187.86179
[61]	validation-rmse:52889.32846
[62]	validation-rmse:52570.85235
[63]	validation-rmse:52288.98115
[64]	validation-rmse:51997.43141
[65]	validation-rmse:51713.31424
[66]	validation-rmse:51421.25874
[67]	validation-rmse:51095.04491
[68]	validation-rmse:50819.33677
[69]	validation-rmse:50563.36517
[70]	validation-rmse:50262.19025
[71]	validation-rmse:49988.46766
[72]	validation-rmse:49707.21858
[73]	validation-rmse:49448.50086
[74]	validation-rmse:49141.13524
[75]	validation-rmse:48882.01768
[76]	validation-rmse:48616.34666
[77]	validation-rmse:48390.63500
[78]	validation-rmse:48151.49077
[79]	validation-rmse:47922.59892
[80]	validation-rmse:47678.33494
[81]	validation-rmse:47444.52418
[82]	validation-rmse:47233.87896
[83]	validation-rmse:47035.23380
[84]	validation-rmse:46798.45502
[85]	validation-rmse:46574.21996
[86]	validation-rmse:46346.08080
[87]	validation-rmse:46134.38801
[88]	validation-rmse:45909.13844
[89]	validation-rmse:45664.50545
[90]	validation-rmse:45469.51891
[91]	validation-rmse:45261.76522
[92]	validation-rmse:45042.73101
[93]	validation-rmse:44825.02063
[94]	validation-rmse:44584.70364
[95]	validation-rmse:44396.71717
[96]	validation-rmse:44216.96150
[97]	validation-rmse:44024.45128
[98]	validation-rmse:43828.32400
[99]	validation-rmse:43646.40993
[100]	validation-rmse:43489.45910
[101]	validation-rmse:43272.12975
[102]	validation-rmse:43080.61238
[103]	validation-rmse:42906.23954
[104]	validation-rmse:42740.94161
[105]	validation-rmse:42562.95718
[106]	validation-rmse:42381.66876
[107]	validation-rmse:42225.43840
[108]	validation-rmse:42048.07316
[109]	validation-rmse:41888.36967
[110]	validation-rmse:41719.64042
[111]	validation-rmse:41557.54284
[112]	validation-rmse:41380.74818
[113]	validation-rmse:41209.11896
[114]	validation-rmse:41063.39197
[115]	validation-rmse:40890.55595
[116]	validation-rmse:40736.15418
[117]	validation-rmse:40573.02988
[118]	validation-rmse:40415.82531
[119]	validation-rmse:40261.52994
[120]	validation-rmse:40089.25860
[121]	validation-rmse:39937.56202
[122]	validation-rmse:39779.78151
[123]	validation-rmse:39642.76960
[124]	validation-rmse:39495.11383
[125]	validation-rmse:39338.30440
[126]	validation-rmse:39204.69914
[127]	validation-rmse:39061.30556
[128]	validation-rmse:38915.97502
[129]	validation-rmse:38773.91452
[130]	validation-rmse:38630.35002
[131]	validation-rmse:38488.72852
[132]	validation-rmse:38339.74797
[133]	validation-rmse:38206.27117
[134]	validation-rmse:38101.95284
[135]	validation-rmse:37969.32980
[136]	validation-rmse:37866.34062
[137]	validation-rmse:37734.47358
[138]	validation-rmse:37600.92343
[139]	validation-rmse:37451.46292
[140]	validation-rmse:37325.96169
[141]	validation-rmse:37196.46615
[142]	validation-rmse:37073.82477
[143]	validation-rmse:36961.95282
[144]	validation-rmse:36865.07285
[145]	validation-rmse:36754.91072
[146]	validation-rmse:36641.70634
[147]	validation-rmse:36533.80159
[148]	validation-rmse:36407.09190
[149]	validation-rmse:36344.48160
[150]	validation-rmse:36244.42377
[151]	validation-rmse:36141.94775
[152]	validation-rmse:36040.01241
[153]	validation-rmse:35922.59483
[154]	validation-rmse:35821.20167
[155]	validation-rmse:35731.26505
[156]	validation-rmse:35642.57660
[157]	validation-rmse:35529.42950
[158]	validation-rmse:35452.02035
[159]	validation-rmse:35356.90409
[160]	validation-rmse:35275.07091
[161]	validation-rmse:35181.35528
[162]	validation-rmse:35067.93812
[163]	validation-rmse:34994.81832
[164]	validation-rmse:34892.28972
[165]	validation-rmse:34808.93581
[166]	validation-rmse:34702.54823
[167]	validation-rmse:34612.39010
[168]	validation-rmse:34547.72230
[169]	validation-rmse:34463.97626
[170]	validation-rmse:34360.89621
[171]	validation-rmse:34247.05985
[172]	validation-rmse:34160.68129
[173]	validation-rmse:34076.78324
[174]	validation-rmse:33990.44678
[175]	validation-rmse:33902.49838
[176]	validation-rmse:33825.45824
[177]	validation-rmse:33775.41715
[178]	validation-rmse:33697.16539
[179]	validation-rmse:33623.87670
[180]	validation-rmse:33559.25709
[181]	validation-rmse:33479.77711
[182]	validation-rmse:33409.47913
[183]	validation-rmse:33331.29585
[184]	validation-rmse:33269.14809
[185]	validation-rmse:33192.21653
[186]	validation-rmse:33103.57269
[187]	validation-rmse:33041.51464
[188]	validation-rmse:32974.54608
[189]	validation-rmse:32898.14093
[190]	validation-rmse:32837.45763
[191]	validation-rmse:32783.30878
[192]	validation-rmse:32725.41876
[193]	validation-rmse:32663.40524
[194]	validation-rmse:32578.51074
[195]	validation-rmse:32514.41183
[196]	validation-rmse:32437.20261
[197]	validation-rmse:32365.80958
[198]	validation-rmse:32302.67012
[199]	validation-rmse:32234.98260
[200]	validation-rmse:32182.21240
[201]	validation-rmse:32127.12670
[202]	validation-rmse:32082.07376
[203]	validation-rmse:32031.58576
[204]	validation-rmse:31974.62976
[205]	validation-rmse:31909.27173
[206]	validation-rmse:31864.73716
[207]	validation-rmse:31814.57897
[208]	validation-rmse:31758.87988
[209]	validation-rmse:31706.99690
[210]	validation-rmse:31672.07166
[211]	validation-rmse:31617.07766
[212]	validation-rmse:31569.25532
[213]	validation-rmse:31511.25670
[214]	validation-rmse:31466.83979
[215]	validation-rmse:31432.40504
[216]	validation-rmse:31390.12875
[217]	validation-rmse:31327.34992
[218]	validation-rmse:31295.28894
[219]	validation-rmse:31239.84088
[220]	validation-rmse:31191.13078
[221]	validation-rmse:31152.29364
[222]	validation-rmse:31093.14294
[223]	validation-rmse:31045.80283
[224]	validation-rmse:30994.49919
[225]	validation-rmse:30957.86353
[226]	validation-rmse:30914.91103
[227]	validation-rmse:30855.81637
[228]	validation-rmse:30825.10543
[229]	validation-rmse:30791.67801
[230]	validation-rmse:30757.23839
[231]	validation-rmse:30713.37829
[232]	validation-rmse:30664.81059
[233]	validation-rmse:30615.46084
[234]	validation-rmse:30569.69363
[235]	validation-rmse:30538.51055
[236]	validation-rmse:30506.65844
[237]	validation-rmse:30471.53738
[238]	validation-rmse:30437.20322
[239]	validation-rmse:30404.17582
[240]	validation-rmse:30363.13057
[241]	validation-rmse:30317.49171
[242]	validation-rmse:30278.49776
[243]	validation-rmse:30244.67135
[244]	validation-rmse:30226.02425
[245]	validation-rmse:30187.99716
[246]	validation-rmse:30146.21204
[247]	validation-rmse:30112.77085
[248]	validation-rmse:30078.39548
[249]	validation-rmse:30041.10427
[250]	validation-rmse:30009.72454
[251]	validation-rmse:29965.67691
[252]	validation-rmse:29934.89654
[253]	validation-rmse:29911.85200
[254]	validation-rmse:29871.67939
[255]	validation-rmse:29837.88281
[256]	validation-rmse:29807.70630
[257]	validation-rmse:29770.72039
[258]	validation-rmse:29756.38201
[259]	validation-rmse:29726.19367
[260]	validation-rmse:29687.42214
[261]	validation-rmse:29672.30854
[262]	validation-rmse:29643.06829
[263]	validation-rmse:29611.68120
[264]	validation-rmse:29585.97215
[265]	validation-rmse:29560.57347
[266]	validation-rmse:29531.54116
[267]	validation-rmse:29508.98077
[268]	validation-rmse:29475.59499
[269]	validation-rmse:29450.02405
[270]	validation-rmse:29419.18827
[271]	validation-rmse:29382.19151
[272]	validation-rmse:29353.79554
[273]	validation-rmse:29335.23419
[274]	validation-rmse:29306.07859
[275]	validation-rmse:29281.01393
[276]	validation-rmse:29252.99812
[277]	validation-rmse:29233.67395
[278]	validation-rmse:29207.19958
[279]	validation-rmse:29177.81589
[280]	validation-rmse:29146.97287
[281]	validation-rmse:29128.53340
[282]	validation-rmse:29096.52282
[283]	validation-rmse:29079.36551
[284]	validation-rmse:29053.50930
[285]	validation-rmse:29026.05181
[286]	validation-rmse:28999.86081
[287]	validation-rmse:28985.10030
[288]	validation-rmse:28958.81831
[289]	validation-rmse:28928.26239
[290]	validation-rmse:28909.12848
[291]	validation-rmse:28877.31990
[292]	validation-rmse:28850.69273
[293]	validation-rmse:28835.71059
[294]	validation-rmse:28821.67928
[295]	validation-rmse:28802.84721
[296]	validation-rmse:28777.38007
[297]	validation-rmse:28759.66296
[298]	validation-rmse:28746.45449
[299]	validation-rmse:28726.15738
[300]	validation-rmse:28704.97796
[301]	validation-rmse:28682.55899
[302]	validation-rmse:28664.92702
[303]	validation-rmse:28646.94603
[304]	validation-rmse:28624.80737
[305]	validation-rmse:28599.88010
[306]	validation-rmse:28589.24043
[307]	validation-rmse:28568.70849
[308]	validation-rmse:28546.99810
[309]	validation-rmse:28523.61753
[310]	validation-rmse:28510.62074
[311]	validation-rmse:28490.77976
[312]	validation-rmse:28479.99296
[313]	validation-rmse:28463.97260
[314]	validation-rmse:28446.73054
[315]	validation-rmse:28426.68627
[316]	validation-rmse:28404.16685
[317]	validation-rmse:28386.16252
[318]	validation-rmse:28380.32591
[319]	validation-rmse:28360.58337
[320]	validation-rmse:28342.69223
[321]	validation-rmse:28322.33929
[322]	validation-rmse:28296.04085
[323]	validation-rmse:28282.30193
[324]	validation-rmse:28268.30498
[325]	validation-rmse:28257.27058
[326]	validation-rmse:28250.91864
[327]	validation-rmse:28219.52340
[328]	validation-rmse:28199.98703
[329]	validation-rmse:28188.37585
[330]	validation-rmse:28174.40101
[331]	validation-rmse:28156.82576
[332]	validation-rmse:28142.08913
[333]	validation-rmse:28122.93942
[334]	validation-rmse:28118.57858
[335]	validation-rmse:28104.54472
[336]	validation-rmse:28093.13671
[337]	validation-rmse:28072.17215
[338]	validation-rmse:28062.84636
[339]	validation-rmse:28044.28686
[340]	validation-rmse:28030.13272
[341]	validation-rmse:28014.39829
[342]	validation-rmse:28008.21489
[343]	validation-rmse:28001.03856
[344]	validation-rmse:27987.41996
[345]	validation-rmse:27972.56304
[346]	validation-rmse:27957.29282
[347]	validation-rmse:27950.27716
[348]	validation-rmse:27932.77118
[349]	validation-rmse:27921.08995
[350]	validation-rmse:27907.20178
[351]	validation-rmse:27893.73036
[352]	validation-rmse:27875.92425
[353]	validation-rmse:27862.58138
[354]	validation-rmse:27857.98642
[355]	validation-rmse:27842.77861
[356]	validation-rmse:27819.44951
[357]	validation-rmse:27801.88014
[358]	validation-rmse:27788.28999
[359]	validation-rmse:27779.00679
[360]	validation-rmse:27770.71616
[361]	validation-rmse:27766.18693
[362]	validation-rmse:27754.58761
[363]	validation-rmse:27743.80869
[364]	validation-rmse:27733.73425
[365]	validation-rmse:27722.03763
[366]	validation-rmse:27710.28660
[367]	validation-rmse:27695.60882
[368]	validation-rmse:27690.45872
[369]	validation-rmse:27679.09756
[370]	validation-rmse:27669.49815
[371]	validation-rmse:27655.51286
[372]	validation-rmse:27639.14833
[373]	validation-rmse:27626.72862
[374]	validation-rmse:27619.64071
[375]	validation-rmse:27611.79221
[376]	validation-rmse:27603.69761
[377]	validation-rmse:27593.82433
[378]	validation-rmse:27584.78211
[379]	validation-rmse:27580.40496
[380]	validation-rmse:27571.77366
[381]	validation-rmse:27554.68599
[382]	validation-rmse:27545.28611
[383]	validation-rmse:27538.19839
[384]	validation-rmse:27530.19892
[385]	validation-rmse:27517.01391
[386]	validation-rmse:27507.69073
[387]	validation-rmse:27494.59684
[388]	validation-rmse:27492.73295
[389]	validation-rmse:27482.21548
[390]	validation-rmse:27472.36844
[391]	validation-rmse:27464.08133
[392]	validation-rmse:27460.88491
[393]	validation-rmse:27452.08945
[394]	validation-rmse:27439.88047
[395]	validation-rmse:27436.31848
[396]	validation-rmse:27429.91433
[397]	validation-rmse:27422.31850
[398]	validation-rmse:27414.24834
[399]	validation-rmse:27407.04218
[400]	validation-rmse:27401.61098
[401]	validation-rmse:27399.02056
[402]	validation-rmse:27393.42759
[403]	validation-rmse:27384.83584
[404]	validation-rmse:27378.52840
[405]	validation-rmse:27370.29461
[406]	validation-rmse:27361.60330
[407]	validation-rmse:27352.83341
[408]	validation-rmse:27349.08191
[409]	validation-rmse:27340.83592
[410]	validation-rmse:27332.67900
[411]	validation-rmse:27327.28376
[412]	validation-rmse:27322.04476
[413]	validation-rmse:27315.29097
[414]	validation-rmse:27307.62965
[415]	validation-rmse:27295.48367
[416]	validation-rmse:27285.67079
[417]	validation-rmse:27281.06966
[418]	validation-rmse:27274.37254
[419]	validation-rmse:27263.11211
[420]	validation-rmse:27254.42667
[421]	validation-rmse:27244.60336
[422]	validation-rmse:27236.33941
[423]	validation-rmse:27232.40255
[424]	validation-rmse:27226.77352
[425]	validation-rmse:27221.85672
[426]	validation-rmse:27221.06094
[427]	validation-rmse:27218.79054
[428]	validation-rmse:27212.21758
[429]	validation-rmse:27203.12987
[430]	validation-rmse:27199.39257
[431]	validation-rmse:27193.47739
[432]	validation-rmse:27190.00471
[433]	validation-rmse:27182.61606
[434]	validation-rmse:27171.69891
[435]	validation-rmse:27157.16340
[436]	validation-rmse:27155.18616
[437]	validation-rmse:27158.34816
[438]	validation-rmse:27150.51425
[439]	validation-rmse:27152.20440
[440]	validation-rmse:27145.26796
[441]	validation-rmse:27137.64359
[442]	validation-rmse:27133.50043
[443]	validation-rmse:27132.06741
[444]	validation-rmse:27128.14969
[445]	validation-rmse:27122.52090
[446]	validation-rmse:27115.41546
[447]	validation-rmse:27112.87883
[448]	validation-rmse:27106.76728
[449]	validation-rmse:27099.41525
[450]	validation-rmse:27089.91919
[451]	validation-rmse:27085.97436
[452]	validation-rmse:27088.36907
[453]	validation-rmse:27081.84730
[454]	validation-rmse:27073.76878
[455]	validation-rmse:27061.54857
[456]	validation-rmse:27054.75595
[457]	validation-rmse:27054.13887
[458]	validation-rmse:27047.20831
[459]	validation-rmse:27039.07002
[460]	validation-rmse:27030.23089
[461]	validation-rmse:27027.58462
[462]	validation-rmse:27029.04312
[463]	validation-rmse:27020.65481
[464]	validation-rmse:27016.44646
[465]	validation-rmse:27011.14856
[466]	validation-rmse:27008.52122
[467]	validation-rmse:27009.10832
[468]	validation-rmse:27007.31842
[469]	validation-rmse:26997.75909
[470]	validation-rmse:26993.86133
[471]	validation-rmse:26990.26318
[472]	validation-rmse:26983.35612
[473]	validation-rmse:26976.71861
[474]	validation-rmse:26965.94327
[475]	validation-rmse:26957.21716
[476]	validation-rmse:26949.89827
[477]	validation-rmse:26947.37627
[478]	validation-rmse:26938.70194
[479]	validation-rmse:26932.93813
[480]	validation-rmse:26930.04002
[481]	validation-rmse:26925.41826
[482]	validation-rmse:26922.61435
[483]	validation-rmse:26915.15201
[484]	validation-rmse:26913.38282
[485]	validation-rmse:26912.53531
[486]	validation-rmse:26906.08412
[487]	validation-rmse:26900.11391
[488]	validation-rmse:26895.97918
[489]	validation-rmse:26890.93643
[490]	validation-rmse:26884.50033
[491]	validation-rmse:26878.07944
[492]	validation-rmse:26874.18313
[493]	validation-rmse:26867.40485
[494]	validation-rmse:26868.60769
[495]	validation-rmse:26862.69707
[496]	validation-rmse:26863.13001
[497]	validation-rmse:26854.99946
[498]	validation-rmse:26849.43736
[499]	validation-rmse:26849.19308
Validation R² for this fold: 0.8852
Validation MAE for this fold: 16688.5078
[0]	validation-rmse:71765.34283
[1]	validation-rmse:71171.75459
[2]	validation-rmse:70680.66868
[3]	validation-rmse:70167.63705
[4]	validation-rmse:69611.62689
[5]	validation-rmse:69053.06401
[6]	validation-rmse:68565.68216
[7]	validation-rmse:68060.27253
[8]	validation-rmse:67545.25863
[9]	validation-rmse:67017.35592
[10]	validation-rmse:66526.58077
[11]	validation-rmse:66020.44375
[12]	validation-rmse:65492.74900
[13]	validation-rmse:64996.23975
[14]	validation-rmse:64535.17171
[15]	validation-rmse:64096.77989
[16]	validation-rmse:63586.68363
[17]	validation-rmse:63077.43839
[18]	validation-rmse:62602.30020
[19]	validation-rmse:62173.65287
[20]	validation-rmse:61715.84653
[21]	validation-rmse:61329.95869
[22]	validation-rmse:60862.32178
[23]	validation-rmse:60461.58725
[24]	validation-rmse:60015.70117
[25]	validation-rmse:59605.09433
[26]	validation-rmse:59218.89156
[27]	validation-rmse:58809.67860
[28]	validation-rmse:58391.10879
[29]	validation-rmse:57978.00133
[30]	validation-rmse:57565.39327
[31]	validation-rmse:57146.79746
[32]	validation-rmse:56751.47602
[33]	validation-rmse:56387.29425
[34]	validation-rmse:55996.25155
[35]	validation-rmse:55613.76084
[36]	validation-rmse:55255.20967
[37]	validation-rmse:54862.23743
[38]	validation-rmse:54463.29226
[39]	validation-rmse:54079.58594
[40]	validation-rmse:53685.08339
[41]	validation-rmse:53337.53868
[42]	validation-rmse:52965.05230
[43]	validation-rmse:52621.98777
[44]	validation-rmse:52260.38935
[45]	validation-rmse:51927.85504
[46]	validation-rmse:51559.41940
[47]	validation-rmse:51203.83130
[48]	validation-rmse:50884.60569
[49]	validation-rmse:50575.02135
[50]	validation-rmse:50275.35170
[51]	validation-rmse:49943.36142
[52]	validation-rmse:49597.47036
[53]	validation-rmse:49271.63992
[54]	validation-rmse:48961.42627
[55]	validation-rmse:48656.31234
[56]	validation-rmse:48366.76746
[57]	validation-rmse:48056.95969
[58]	validation-rmse:47764.31420
[59]	validation-rmse:47447.58096
[60]	validation-rmse:47135.62580
[61]	validation-rmse:46843.22278
[62]	validation-rmse:46571.36497
[63]	validation-rmse:46275.32473
[64]	validation-rmse:45983.25194
[65]	validation-rmse:45675.44480
[66]	validation-rmse:45350.40742
[67]	validation-rmse:45073.29807
[68]	validation-rmse:44784.59136
[69]	validation-rmse:44531.53115
[70]	validation-rmse:44296.97608
[71]	validation-rmse:44016.62445
[72]	validation-rmse:43768.55319
[73]	validation-rmse:43516.76328
[74]	validation-rmse:43269.42781
[75]	validation-rmse:43002.45317
[76]	validation-rmse:42746.23943
[77]	validation-rmse:42512.49914
[78]	validation-rmse:42281.30187
[79]	validation-rmse:42024.36833
[80]	validation-rmse:41788.01451
[81]	validation-rmse:41563.98364
[82]	validation-rmse:41317.56112
[83]	validation-rmse:41088.85988
[84]	validation-rmse:40832.89013
[85]	validation-rmse:40573.74579
[86]	validation-rmse:40373.31447
[87]	validation-rmse:40150.97012
[88]	validation-rmse:39921.74598
[89]	validation-rmse:39686.49386
[90]	validation-rmse:39458.29358
[91]	validation-rmse:39272.40400
[92]	validation-rmse:39062.32013
[93]	validation-rmse:38830.92006
[94]	validation-rmse:38641.86534
[95]	validation-rmse:38453.88961
[96]	validation-rmse:38265.04026
[97]	validation-rmse:38056.31798
[98]	validation-rmse:37859.58017
[99]	validation-rmse:37686.28710
[100]	validation-rmse:37485.26878
[101]	validation-rmse:37303.74895
[102]	validation-rmse:37161.45846
[103]	validation-rmse:36973.12122
[104]	validation-rmse:36805.53499
[105]	validation-rmse:36629.27437
[106]	validation-rmse:36451.56245
[107]	validation-rmse:36279.36550
[108]	validation-rmse:36088.47205
[109]	validation-rmse:35920.77137
[110]	validation-rmse:35731.73648
[111]	validation-rmse:35558.21632
[112]	validation-rmse:35364.58149
[113]	validation-rmse:35200.20032
[114]	validation-rmse:35023.64026
[115]	validation-rmse:34841.82126
[116]	validation-rmse:34690.79387
[117]	validation-rmse:34551.16151
[118]	validation-rmse:34419.19815
[119]	validation-rmse:34290.44456
[120]	validation-rmse:34146.58309
[121]	validation-rmse:33988.22481
[122]	validation-rmse:33841.36631
[123]	validation-rmse:33702.38681
[124]	validation-rmse:33543.31338
[125]	validation-rmse:33393.68155
[126]	validation-rmse:33244.59516
[127]	validation-rmse:33082.65872
[128]	validation-rmse:32935.30885
[129]	validation-rmse:32817.31396
[130]	validation-rmse:32685.96765
[131]	validation-rmse:32539.11053
[132]	validation-rmse:32421.85939
[133]	validation-rmse:32307.57754
[134]	validation-rmse:32180.13342
[135]	validation-rmse:32027.84221
[136]	validation-rmse:31900.96402
[137]	validation-rmse:31779.23538
[138]	validation-rmse:31666.27843
[139]	validation-rmse:31536.77136
[140]	validation-rmse:31408.20429
[141]	validation-rmse:31304.98971
[142]	validation-rmse:31171.55051
[143]	validation-rmse:31056.07426
[144]	validation-rmse:30929.97803
[145]	validation-rmse:30837.77011
[146]	validation-rmse:30729.66398
[147]	validation-rmse:30621.43360
[148]	validation-rmse:30527.33794
[149]	validation-rmse:30410.65897
[150]	validation-rmse:30291.26053
[151]	validation-rmse:30194.00827
[152]	validation-rmse:30092.66664
[153]	validation-rmse:29991.72336
[154]	validation-rmse:29909.80090
[155]	validation-rmse:29800.47881
[156]	validation-rmse:29693.71327
[157]	validation-rmse:29599.77147
[158]	validation-rmse:29515.84355
[159]	validation-rmse:29418.06379
[160]	validation-rmse:29332.94421
[161]	validation-rmse:29241.49760
[162]	validation-rmse:29119.35267
[163]	validation-rmse:29029.80998
[164]	validation-rmse:28922.22952
[165]	validation-rmse:28835.35829
[166]	validation-rmse:28760.87912
[167]	validation-rmse:28674.64890
[168]	validation-rmse:28585.77863
[169]	validation-rmse:28495.85496
[170]	validation-rmse:28414.16313
[171]	validation-rmse:28337.18199
[172]	validation-rmse:28249.27346
[173]	validation-rmse:28146.10292
[174]	validation-rmse:28076.26131
[175]	validation-rmse:27979.34520
[176]	validation-rmse:27878.85948
[177]	validation-rmse:27799.17130
[178]	validation-rmse:27735.51244
[179]	validation-rmse:27677.01765
[180]	validation-rmse:27588.90025
[181]	validation-rmse:27504.94738
[182]	validation-rmse:27444.65525
[183]	validation-rmse:27385.70224
[184]	validation-rmse:27300.95818
[185]	validation-rmse:27222.14323
[186]	validation-rmse:27165.99361
[187]	validation-rmse:27107.22628
[188]	validation-rmse:27043.29211
[189]	validation-rmse:26981.85360
[190]	validation-rmse:26892.61333
[191]	validation-rmse:26834.51891
[192]	validation-rmse:26784.00273
[193]	validation-rmse:26726.29446
[194]	validation-rmse:26682.03575
[195]	validation-rmse:26613.66944
[196]	validation-rmse:26535.64960
[197]	validation-rmse:26483.39798
[198]	validation-rmse:26417.88401
[199]	validation-rmse:26362.29816
[200]	validation-rmse:26299.98890
[201]	validation-rmse:26249.82956
[202]	validation-rmse:26190.64616
[203]	validation-rmse:26140.98440
[204]	validation-rmse:26086.99644
[205]	validation-rmse:26024.05390
[206]	validation-rmse:25975.62603
[207]	validation-rmse:25911.84047
[208]	validation-rmse:25849.81299
[209]	validation-rmse:25805.32588
[210]	validation-rmse:25769.37505
[211]	validation-rmse:25716.76785
[212]	validation-rmse:25673.76336
[213]	validation-rmse:25614.82305
[214]	validation-rmse:25558.53895
[215]	validation-rmse:25512.78424
[216]	validation-rmse:25464.39676
[217]	validation-rmse:25419.13415
[218]	validation-rmse:25369.65136
[219]	validation-rmse:25317.22680
[220]	validation-rmse:25269.06240
[221]	validation-rmse:25225.86522
[222]	validation-rmse:25166.57746
[223]	validation-rmse:25114.95791
[224]	validation-rmse:25072.39389
[225]	validation-rmse:25018.34981
[226]	validation-rmse:24976.47907
[227]	validation-rmse:24944.88516
[228]	validation-rmse:24900.01695
[229]	validation-rmse:24850.01938
[230]	validation-rmse:24808.20602
[231]	validation-rmse:24772.24546
[232]	validation-rmse:24740.17601
[233]	validation-rmse:24700.31192
[234]	validation-rmse:24640.75997
[235]	validation-rmse:24599.55644
[236]	validation-rmse:24567.27688
[237]	validation-rmse:24519.29630
[238]	validation-rmse:24480.10778
[239]	validation-rmse:24443.33569
[240]	validation-rmse:24407.18719
[241]	validation-rmse:24365.30980
[242]	validation-rmse:24336.25607
[243]	validation-rmse:24309.51591
[244]	validation-rmse:24278.94730
[245]	validation-rmse:24225.34042
[246]	validation-rmse:24178.28408
[247]	validation-rmse:24144.64601
[248]	validation-rmse:24114.66421
[249]	validation-rmse:24085.34143
[250]	validation-rmse:24056.62091
[251]	validation-rmse:24024.99027
[252]	validation-rmse:23986.14834
[253]	validation-rmse:23953.62857
[254]	validation-rmse:23927.56039
[255]	validation-rmse:23897.99438
[256]	validation-rmse:23871.41552
[257]	validation-rmse:23843.56781
[258]	validation-rmse:23822.16878
[259]	validation-rmse:23805.04636
[260]	validation-rmse:23782.29147
[261]	validation-rmse:23751.79399
[262]	validation-rmse:23727.54027
[263]	validation-rmse:23689.92323
[264]	validation-rmse:23649.74514
[265]	validation-rmse:23626.87685
[266]	validation-rmse:23594.67856
[267]	validation-rmse:23564.37098
[268]	validation-rmse:23535.17606
[269]	validation-rmse:23499.89028
[270]	validation-rmse:23473.12384
[271]	validation-rmse:23452.31972
[272]	validation-rmse:23435.32489
[273]	validation-rmse:23415.22343
[274]	validation-rmse:23404.43459
[275]	validation-rmse:23379.22537
[276]	validation-rmse:23365.15287
[277]	validation-rmse:23346.91259
[278]	validation-rmse:23331.57641
[279]	validation-rmse:23315.96121
[280]	validation-rmse:23286.57200
[281]	validation-rmse:23263.07626
[282]	validation-rmse:23252.56976
[283]	validation-rmse:23235.75997
[284]	validation-rmse:23207.78160
[285]	validation-rmse:23183.16234
[286]	validation-rmse:23154.97859
[287]	validation-rmse:23140.86006
[288]	validation-rmse:23119.43887
[289]	validation-rmse:23093.13877
[290]	validation-rmse:23073.79019
[291]	validation-rmse:23064.61842
[292]	validation-rmse:23052.68897
[293]	validation-rmse:23044.19837
[294]	validation-rmse:23020.27856
[295]	validation-rmse:22999.64397
[296]	validation-rmse:22980.05128
[297]	validation-rmse:22965.91617
[298]	validation-rmse:22943.89722
[299]	validation-rmse:22930.45767
[300]	validation-rmse:22912.39774
[301]	validation-rmse:22900.48569
[302]	validation-rmse:22884.96267
[303]	validation-rmse:22868.14142
[304]	validation-rmse:22865.53840
[305]	validation-rmse:22848.42071
[306]	validation-rmse:22832.22661
[307]	validation-rmse:22811.51677
[308]	validation-rmse:22787.89630
[309]	validation-rmse:22767.73232
[310]	validation-rmse:22751.26928
[311]	validation-rmse:22733.03730
[312]	validation-rmse:22722.00417
[313]	validation-rmse:22696.24765
[314]	validation-rmse:22684.07413
[315]	validation-rmse:22665.21126
[316]	validation-rmse:22645.91308
[317]	validation-rmse:22624.91811
[318]	validation-rmse:22616.20106
[319]	validation-rmse:22606.61010
[320]	validation-rmse:22595.66851
[321]	validation-rmse:22584.61211
[322]	validation-rmse:22565.09934
[323]	validation-rmse:22555.71344
[324]	validation-rmse:22545.43999
[325]	validation-rmse:22526.51102
[326]	validation-rmse:22506.05287
[327]	validation-rmse:22485.77313
[328]	validation-rmse:22475.54336
[329]	validation-rmse:22441.16131
[330]	validation-rmse:22423.52009
[331]	validation-rmse:22414.58243
[332]	validation-rmse:22398.66515
[333]	validation-rmse:22387.15228
[334]	validation-rmse:22373.79154
[335]	validation-rmse:22357.55643
[336]	validation-rmse:22340.93501
[337]	validation-rmse:22322.51304
[338]	validation-rmse:22310.75319
[339]	validation-rmse:22298.23092
[340]	validation-rmse:22276.04728
[341]	validation-rmse:22261.28472
[342]	validation-rmse:22254.52869
[343]	validation-rmse:22243.16787
[344]	validation-rmse:22224.71246
[345]	validation-rmse:22213.22946
[346]	validation-rmse:22196.28230
[347]	validation-rmse:22181.48856
[348]	validation-rmse:22172.40172
[349]	validation-rmse:22167.40142
[350]	validation-rmse:22154.53271
[351]	validation-rmse:22144.43604
[352]	validation-rmse:22136.73312
[353]	validation-rmse:22135.11484
[354]	validation-rmse:22124.85696
[355]	validation-rmse:22112.04520
[356]	validation-rmse:22096.47877
[357]	validation-rmse:22085.96462
[358]	validation-rmse:22076.46228
[359]	validation-rmse:22071.49460
[360]	validation-rmse:22055.98199
[361]	validation-rmse:22046.72829
[362]	validation-rmse:22036.68583
[363]	validation-rmse:22027.24004
[364]	validation-rmse:22021.23238
[365]	validation-rmse:22014.60708
[366]	validation-rmse:22005.13582
[367]	validation-rmse:21982.30879
[368]	validation-rmse:21975.01111
[369]	validation-rmse:21969.76101
[370]	validation-rmse:21950.61255
[371]	validation-rmse:21941.25308
[372]	validation-rmse:21931.24303
[373]	validation-rmse:21917.77288
[374]	validation-rmse:21900.14883
[375]	validation-rmse:21891.06978
[376]	validation-rmse:21880.77382
[377]	validation-rmse:21874.15959
[378]	validation-rmse:21863.95773
[379]	validation-rmse:21856.70692
[380]	validation-rmse:21850.95584
[381]	validation-rmse:21843.68765
[382]	validation-rmse:21836.94452
[383]	validation-rmse:21827.30937
[384]	validation-rmse:21824.68349
[385]	validation-rmse:21819.18310
[386]	validation-rmse:21799.73355
[387]	validation-rmse:21789.30115
[388]	validation-rmse:21784.32406
[389]	validation-rmse:21779.72012
[390]	validation-rmse:21774.37310
[391]	validation-rmse:21759.57608
[392]	validation-rmse:21757.33762
[393]	validation-rmse:21754.54492
[394]	validation-rmse:21754.19603
[395]	validation-rmse:21743.25656
[396]	validation-rmse:21738.90787
[397]	validation-rmse:21727.49857
[398]	validation-rmse:21715.22893
[399]	validation-rmse:21704.64970
[400]	validation-rmse:21700.87157
[401]	validation-rmse:21698.02611
[402]	validation-rmse:21689.18388
[403]	validation-rmse:21682.32494
[404]	validation-rmse:21680.21151
[405]	validation-rmse:21664.48659
[406]	validation-rmse:21652.17431
[407]	validation-rmse:21642.68169
[408]	validation-rmse:21636.05479
[409]	validation-rmse:21632.74313
[410]	validation-rmse:21628.30823
[411]	validation-rmse:21622.33316
[412]	validation-rmse:21615.23553
[413]	validation-rmse:21610.62424
[414]	validation-rmse:21606.07684
[415]	validation-rmse:21597.40474
[416]	validation-rmse:21585.48769
[417]	validation-rmse:21576.64019
[418]	validation-rmse:21566.18126
[419]	validation-rmse:21548.85933
[420]	validation-rmse:21541.71522
[421]	validation-rmse:21531.88334
[422]	validation-rmse:21524.65973
[423]	validation-rmse:21521.23763
[424]	validation-rmse:21514.87048
[425]	validation-rmse:21510.56528
[426]	validation-rmse:21504.14459
[427]	validation-rmse:21499.18587
[428]	validation-rmse:21500.27948
[429]	validation-rmse:21494.18164
[430]	validation-rmse:21487.27235
[431]	validation-rmse:21487.55504
[432]	validation-rmse:21476.24072
[433]	validation-rmse:21476.54659
[434]	validation-rmse:21478.19915
[435]	validation-rmse:21469.98770
[436]	validation-rmse:21469.46941
[437]	validation-rmse:21460.61312
[438]	validation-rmse:21447.94831
[439]	validation-rmse:21444.26423
[440]	validation-rmse:21436.88603
[441]	validation-rmse:21432.54784
[442]	validation-rmse:21417.13706
[443]	validation-rmse:21410.80596
[444]	validation-rmse:21405.65420
[445]	validation-rmse:21394.93326
[446]	validation-rmse:21391.97761
[447]	validation-rmse:21390.82735
[448]	validation-rmse:21385.67142
[449]	validation-rmse:21382.10778
[450]	validation-rmse:21374.07080
[451]	validation-rmse:21369.51352
[452]	validation-rmse:21361.20547
[453]	validation-rmse:21357.01521
[454]	validation-rmse:21350.38151
[455]	validation-rmse:21348.90797
[456]	validation-rmse:21346.15306
[457]	validation-rmse:21342.80292
[458]	validation-rmse:21331.41753
[459]	validation-rmse:21328.01703
[460]	validation-rmse:21325.62096
[461]	validation-rmse:21323.96530
[462]	validation-rmse:21314.97711
[463]	validation-rmse:21311.32226
[464]	validation-rmse:21305.76801
[465]	validation-rmse:21301.13336
[466]	validation-rmse:21296.72514
[467]	validation-rmse:21295.94097
[468]	validation-rmse:21292.30918
[469]	validation-rmse:21284.91650
[470]	validation-rmse:21279.10131
[471]	validation-rmse:21270.73317
[472]	validation-rmse:21263.38580
[473]	validation-rmse:21257.49659
[474]	validation-rmse:21253.63464
[475]	validation-rmse:21245.81809
[476]	validation-rmse:21244.87500
[477]	validation-rmse:21241.14942
[478]	validation-rmse:21238.60890
[479]	validation-rmse:21238.49600
[480]	validation-rmse:21228.37422
[481]	validation-rmse:21222.39173
[482]	validation-rmse:21214.67811
[483]	validation-rmse:21207.67244
[484]	validation-rmse:21205.52087
[485]	validation-rmse:21200.44927
[486]	validation-rmse:21190.52305
[487]	validation-rmse:21185.94803
[488]	validation-rmse:21180.45079
[489]	validation-rmse:21171.17390
[490]	validation-rmse:21168.22677
[491]	validation-rmse:21162.99124
[492]	validation-rmse:21153.42170
[493]	validation-rmse:21147.47667
[494]	validation-rmse:21147.21678
[495]	validation-rmse:21143.17356
[496]	validation-rmse:21139.71840
[497]	validation-rmse:21136.92098
[498]	validation-rmse:21135.46768
[499]	validation-rmse:21136.43739
Validation R² for this fold: 0.9145
Validation MAE for this fold: 13547.2969
Cross-Validation R²: 0.8724 ± 0.0741
Cross-Validation MAE: 16565.7779 ± 2643.1993
Final Validation R²: 0.9162
Final Validation MAE: 15731.3457
